<?xml version="1.0" encoding="UTF-8"?>
<!-- Generated by org.testng.reporters.JUnitXMLReporter -->
<testsuite ignored="0" hostname="kNadia-device" failures="2" tests="20" name="Tutorials Testcases" time="86.748" errors="0" timestamp="2023-04-26T17:25:36 EDT">
  <testcase classname="com.tutorials.qa.testcases.RegisterTest" name="@BeforeMethod setUp" time="11.168">
    <failure type="org.openqa.selenium.TimeoutException" message="timeout: Timed out receiving message from renderer: -0.015
  (Session info: chrome=112.0.5615.138)
Build info: version: &amp;apos;4.8.2&amp;apos;, revision: &amp;apos;826dbfc730&amp;apos;
System info: os.name: &amp;apos;Windows 11&amp;apos;, os.arch: &amp;apos;amd64&amp;apos;, os.version: &amp;apos;10.0&amp;apos;, java.version: &amp;apos;17.0.5&amp;apos;
Driver info: org.openqa.selenium.chrome.ChromeDriver
Command: [1a0ecadc0f9b032d2786493772af03f0, get {url=https://tutorialsninja.com/demo/}]
Capabilities {acceptInsecureCerts: false, browserName: chrome, browserVersion: 112.0.5615.138, chrome: {chromedriverVersion: 112.0.5615.49 (bd2a7bcb881c..., userDataDir: C:\Users\nadr9\AppData\Loca...}, goog:chromeOptions: {debuggerAddress: localhost:59875}, networkConnectionEnabled: false, pageLoadStrategy: normal, platformName: WINDOWS, proxy: Proxy(), se:cdp: ws://localhost:59875/devtoo..., se:cdpVersion: 112.0.5615.138, setWindowRect: true, strictFileInteractability: false, timeouts: {implicit: 0, pageLoad: 300000, script: 30000}, unhandledPromptBehavior: dismiss and notify, webauthn:extension:credBlob: true, webauthn:extension:largeBlob: true, webauthn:extension:minPinLength: true, webauthn:extension:prf: true, webauthn:virtualAuthenticators: true}
Session ID: 1a0ecadc0f9b032d2786493772af03f0">
      <![CDATA[org.openqa.selenium.TimeoutException: timeout: Timed out receiving message from renderer: -0.015
  (Session info: chrome=112.0.5615.138)
Build info: version: '4.8.2', revision: '826dbfc730'
System info: os.name: 'Windows 11', os.arch: 'amd64', os.version: '10.0', java.version: '17.0.5'
Driver info: org.openqa.selenium.chrome.ChromeDriver
Command: [1a0ecadc0f9b032d2786493772af03f0, get {url=https://tutorialsninja.com/demo/}]
Capabilities {acceptInsecureCerts: false, browserName: chrome, browserVersion: 112.0.5615.138, chrome: {chromedriverVersion: 112.0.5615.49 (bd2a7bcb881c..., userDataDir: C:\Users\nadr9\AppData\Loca...}, goog:chromeOptions: {debuggerAddress: localhost:59875}, networkConnectionEnabled: false, pageLoadStrategy: normal, platformName: WINDOWS, proxy: Proxy(), se:cdp: ws://localhost:59875/devtoo..., se:cdpVersion: 112.0.5615.138, setWindowRect: true, strictFileInteractability: false, timeouts: {implicit: 0, pageLoad: 300000, script: 30000}, unhandledPromptBehavior: dismiss and notify, webauthn:extension:credBlob: true, webauthn:extension:largeBlob: true, webauthn:extension:minPinLength: true, webauthn:extension:prf: true, webauthn:virtualAuthenticators: true}
Session ID: 1a0ecadc0f9b032d2786493772af03f0
at org.openqa.selenium.remote.codec.w3c.W3CHttpResponseCodec.createException(W3CHttpResponseCodec.java:200)
at org.openqa.selenium.remote.codec.w3c.W3CHttpResponseCodec.decode(W3CHttpResponseCodec.java:133)
at org.openqa.selenium.remote.codec.w3c.W3CHttpResponseCodec.decode(W3CHttpResponseCodec.java:53)
at org.openqa.selenium.remote.HttpCommandExecutor.execute(HttpCommandExecutor.java:193)
at org.openqa.selenium.remote.service.DriverCommandExecutor.invokeExecute(DriverCommandExecutor.java:183)
at org.openqa.selenium.remote.service.DriverCommandExecutor.execute(DriverCommandExecutor.java:158)
at org.openqa.selenium.remote.RemoteWebDriver.execute(RemoteWebDriver.java:543)
at org.openqa.selenium.remote.RemoteWebDriver.get(RemoteWebDriver.java:297)
at com.tutorials.qa.testbase.TestBase.initializeBrowserAndOpenAplication(TestBase.java:59)
at com.tutorials.qa.testcases.RegisterTest.setUp(RegisterTest.java:24)
at java.base/java.util.ArrayList.forEach(ArrayList.java:1511)
... Removed 36 stack frames]]>
    </failure>
  </testcase> <!-- @BeforeMethod setUp -->
  <testcase classname="com.tutorials.qa.testcases.RegisterTest" name="@AfterMethod tearDown" time="-1.682544311535E9">
    <skipped/>
  </testcase> <!-- @AfterMethod tearDown -->
  <testcase classname="com.tutorials.qa.testcases.RegisterTest" name="@BeforeMethod setUp" time="-1.682544311535E9">
    <skipped/>
  </testcase> <!-- @BeforeMethod setUp -->
  <testcase classname="com.tutorials.qa.testcases.RegisterTest" name="@AfterMethod tearDown" time="-1.682544311653E9">
    <skipped/>
  </testcase> <!-- @AfterMethod tearDown -->
  <testcase classname="com.tutorials.qa.testcases.RegisterTest" name="@BeforeMethod setUp" time="-1.682544311664E9">
    <skipped/>
  </testcase> <!-- @BeforeMethod setUp -->
  <testcase classname="com.tutorials.qa.testcases.RegisterTest" name="@AfterMethod tearDown" time="-1.68254431167E9">
    <skipped/>
  </testcase> <!-- @AfterMethod tearDown -->
  <testcase classname="com.tutorials.qa.testcases.RegisterTest" name="@BeforeMethod setUp" time="-1.682544311673E9">
    <skipped/>
  </testcase> <!-- @BeforeMethod setUp -->
  <testcase classname="com.tutorials.qa.testcases.RegisterTest" name="@AfterMethod tearDown" time="-1.682544311686E9">
    <skipped/>
  </testcase> <!-- @AfterMethod tearDown -->
  <testcase classname="com.tutorials.qa.testcases.RegisterTest" name="@BeforeMethod setUp" time="-1.682544311688E9">
    <skipped/>
  </testcase> <!-- @BeforeMethod setUp -->
  <testcase classname="com.tutorials.qa.testcases.RegisterTest" name="@AfterMethod tearDown" time="-1.682544311697E9">
    <skipped/>
  </testcase> <!-- @AfterMethod tearDown -->
  <testcase classname="com.tutorials.qa.testcases.LoginTest" name="verifyLoggingIntoTheApplicationUsingValidCredentials" time="1.077"/>
  <testcase classname="com.tutorials.qa.testcases.LoginTest" name="verifyLoggingIntoTheApplicationUsingValidCredentials" time="0.969"/>
  <testcase classname="com.tutorials.qa.testcases.LoginTest" name="verifyLoggingIntoTheApplicationUsingValidCredentials" time="0.926"/>
  <testcase classname="com.tutorials.qa.testcases.LoginTest" name="verifyLoggingIntoTheApplicationUsingInvalidCredentials" time="0.861"/>
  <testcase classname="com.tutorials.qa.testcases.LoginTest" name="verifyLoggingIntoTheApplicationUsingInvalidEmailAddressAndValidPassword" time="0.727"/>
  <testcase classname="com.tutorials.qa.testcases.LoginTest" name="verifyLoggingIntoTheApplicationUsingValidEmailAddressAndInvalidPassword" time="0.677"/>
  <testcase classname="com.tutorials.qa.testcases.LoginTest" name="VerifyLoggingIntoTheApplicationWithoutProvidingAnyCredentials" time="0.437"/>
  <testcase classname="com.tutorials.qa.testcases.LoginTest" name="VerifyForgottenPasswordlinkIsAvailableInTheLoginPageAndIsWorking" time="0.442"/>
  <testcase classname="com.tutorials.qa.testcases.RegisterTest" name="verifyRegisteringAnAccountByProvidingOnlyTheMandatoryFields" time="1.559"/>
  <testcase classname="com.tutorials.qa.testcases.RegisterTest" name="verifyingRegisteringAccountWithExistingCredentials" time="0.0">
    <skipped/>
  </testcase> <!-- verifyingRegisteringAccountWithExistingCredentials -->
  <testcase classname="com.tutorials.qa.testcases.RegisterTest" name="VerifyRegisteringTheAccountWithoutSelectingThePrivacyPolicyCheckboxOption" time="0.0">
    <skipped/>
  </testcase> <!-- VerifyRegisteringTheAccountWithoutSelectingThePrivacyPolicyCheckboxOption -->
  <testcase classname="com.tutorials.qa.testcases.RegisterTest" name="verifyRegisteringAnAccountByProvidingAllTheFields" time="0.0">
    <skipped/>
  </testcase> <!-- verifyRegisteringAnAccountByProvidingAllTheFields -->
  <testcase classname="com.tutorials.qa.testcases.RegisterTest" name="VerifyRegisteringAnAccountByEnteringDifferentPasswordsIntoPasswordAndPasswordConfirmfields" time="0.0">
    <skipped/>
  </testcase> <!-- VerifyRegisteringAnAccountByEnteringDifferentPasswordsIntoPasswordAndPasswordConfirmfields -->
  <testcase classname="com.tutorials.qa.testcases.RegisterTest" name="verifyProperNotificationMessagesAreDisplayedForTheMandatoryFieldsWhenYouDoNotProvideAnyDetiles" time="0.0">
    <skipped/>
  </testcase> <!-- verifyProperNotificationMessagesAreDisplayedForTheMandatoryFieldsWhenYouDoNotProvideAnyDetiles -->
  <testcase classname="com.tutorials.qa.testcases.SearchProductTest" name="VerifySearchingWithAnExistingProductName" time="0.747"/>
  <testcase classname="com.tutorials.qa.testcases.SearchProductTest" name="VerifySearchingWithANonExistingProductName" time="0.61"/>
  <testcase classname="com.tutorials.qa.testcases.SearchProductTest" name="verifySearchingWithoutProvidingAnyProductName" time="0.488"/>
  <testcase classname="com.tutorials.qa.testcases.SearchProductTest" name="veriftySearchingForProductAfterLoginToTheAccount" time="2.186"/>
  <testcase classname="com.tutorials.qa.testcases.SearchProductTest" name="verifySearchingUsingSearchCriteriafield" time="1.249">
    <failure type="java.lang.AssertionError" message="The following asserts failed:
	no product message in the search result is displayed expected [null] but found [Products meeting the search criteria]">
      <![CDATA[java.lang.AssertionError: The following asserts failed:
no product message in the search result is displayed expected [null] but found [Products meeting the search criteria]
at com.tutorials.qa.testcases.SearchProductTest.verifySearchingUsingSearchCriteriafield(SearchProductTest.java:120)
at java.base/java.util.ArrayList.forEach(ArrayList.java:1511)
... Removed 29 stack frames]]>
    </failure>
  </testcase> <!-- verifySearchingUsingSearchCriteriafield -->
  <testcase classname="com.tutorials.qa.testcases.SearchProductTest" name="verifySearchingUsingSearchCriteriafield" time="4.952">
    <failure type="java.lang.NullPointerException" message="Cannot invoke &amp;quot;org.openqa.selenium.TakesScreenshot.getScreenshotAs(org.openqa.selenium.OutputType)&amp;quot; because &amp;quot;driver&amp;quot; is null">
      <![CDATA[java.lang.NullPointerException: Cannot invoke "org.openqa.selenium.TakesScreenshot.getScreenshotAs(org.openqa.selenium.OutputType)" because "driver" is null
at com.tutorials.qa.listeners.MyListeners.onTestFailure(MyListeners.java:70)
at java.base/java.util.ArrayList.forEach(ArrayList.java:1511)
... Removed 24 stack frames]]>
    </failure>
  </testcase> <!-- verifySearchingUsingSearchCriteriafield -->
</testsuite> <!-- Tutorials Testcases -->
