<?xml version="1.0" encoding="UTF-8"?>
<!-- Generated by org.testng.reporters.JUnitXMLReporter -->
<testsuite ignored="0" hostname="kNadia-device" failures="0" tests="19" name="Test" time="99.676" errors="0" timestamp="2023-04-24T23:59:55 EDT">
  <testcase classname="com.tutorials.qa.testcases.LoginTest" name="@BeforeMethod setUp" time="11.321">
    <failure type="org.openqa.selenium.TimeoutException" message="timeout: Timed out receiving message from renderer: 8.763
  (Session info: chrome=112.0.5615.138)
Build info: version: &amp;apos;4.8.2&amp;apos;, revision: &amp;apos;826dbfc730&amp;apos;
System info: os.name: &amp;apos;Windows 11&amp;apos;, os.arch: &amp;apos;amd64&amp;apos;, os.version: &amp;apos;10.0&amp;apos;, java.version: &amp;apos;17.0.5&amp;apos;
Driver info: org.openqa.selenium.chrome.ChromeDriver
Command: [da5be47ba89e8c6eb2e2c4ccd47b7885, get {url=https://tutorialsninja.com/demo/}]
Capabilities {acceptInsecureCerts: false, browserName: chrome, browserVersion: 112.0.5615.138, chrome: {chromedriverVersion: 112.0.5615.49 (bd2a7bcb881c..., userDataDir: C:\Users\nadr9\AppData\Loca...}, goog:chromeOptions: {debuggerAddress: localhost:62376}, networkConnectionEnabled: false, pageLoadStrategy: normal, platformName: WINDOWS, proxy: Proxy(), se:cdp: ws://localhost:62376/devtoo..., se:cdpVersion: 112.0.5615.138, setWindowRect: true, strictFileInteractability: false, timeouts: {implicit: 0, pageLoad: 300000, script: 30000}, unhandledPromptBehavior: dismiss and notify, webauthn:extension:credBlob: true, webauthn:extension:largeBlob: true, webauthn:extension:minPinLength: true, webauthn:extension:prf: true, webauthn:virtualAuthenticators: true}
Session ID: da5be47ba89e8c6eb2e2c4ccd47b7885">
      <![CDATA[org.openqa.selenium.TimeoutException: timeout: Timed out receiving message from renderer: 8.763
  (Session info: chrome=112.0.5615.138)
Build info: version: '4.8.2', revision: '826dbfc730'
System info: os.name: 'Windows 11', os.arch: 'amd64', os.version: '10.0', java.version: '17.0.5'
Driver info: org.openqa.selenium.chrome.ChromeDriver
Command: [da5be47ba89e8c6eb2e2c4ccd47b7885, get {url=https://tutorialsninja.com/demo/}]
Capabilities {acceptInsecureCerts: false, browserName: chrome, browserVersion: 112.0.5615.138, chrome: {chromedriverVersion: 112.0.5615.49 (bd2a7bcb881c..., userDataDir: C:\Users\nadr9\AppData\Loca...}, goog:chromeOptions: {debuggerAddress: localhost:62376}, networkConnectionEnabled: false, pageLoadStrategy: normal, platformName: WINDOWS, proxy: Proxy(), se:cdp: ws://localhost:62376/devtoo..., se:cdpVersion: 112.0.5615.138, setWindowRect: true, strictFileInteractability: false, timeouts: {implicit: 0, pageLoad: 300000, script: 30000}, unhandledPromptBehavior: dismiss and notify, webauthn:extension:credBlob: true, webauthn:extension:largeBlob: true, webauthn:extension:minPinLength: true, webauthn:extension:prf: true, webauthn:virtualAuthenticators: true}
Session ID: da5be47ba89e8c6eb2e2c4ccd47b7885
at org.openqa.selenium.remote.codec.w3c.W3CHttpResponseCodec.createException(W3CHttpResponseCodec.java:200)
at org.openqa.selenium.remote.codec.w3c.W3CHttpResponseCodec.decode(W3CHttpResponseCodec.java:133)
at org.openqa.selenium.remote.codec.w3c.W3CHttpResponseCodec.decode(W3CHttpResponseCodec.java:53)
at org.openqa.selenium.remote.HttpCommandExecutor.execute(HttpCommandExecutor.java:193)
at org.openqa.selenium.remote.service.DriverCommandExecutor.invokeExecute(DriverCommandExecutor.java:183)
at org.openqa.selenium.remote.service.DriverCommandExecutor.execute(DriverCommandExecutor.java:158)
at org.openqa.selenium.remote.RemoteWebDriver.execute(RemoteWebDriver.java:543)
at org.openqa.selenium.remote.RemoteWebDriver.get(RemoteWebDriver.java:297)
at com.tutorials.qa.testbase.TestBase.initializeBrowserAndOpenAplication(TestBase.java:59)
at com.tutorials.qa.testcases.LoginTest.setUp(LoginTest.java:28)
at java.base/java.util.ArrayList.forEach(ArrayList.java:1511)
... Removed 36 stack frames]]>
    </failure>
  </testcase> <!-- @BeforeMethod setUp -->
  <testcase classname="com.tutorials.qa.testcases.LoginTest" name="@AfterMethod tearDown" time="-1.682395117022E9">
    <skipped/>
  </testcase> <!-- @AfterMethod tearDown -->
  <testcase classname="com.tutorials.qa.testcases.LoginTest" name="@BeforeMethod setUp" time="-1.682395117033E9">
    <skipped/>
  </testcase> <!-- @BeforeMethod setUp -->
  <testcase classname="com.tutorials.qa.testcases.LoginTest" name="@AfterMethod tearDown" time="-1.68239511707E9">
    <skipped/>
  </testcase> <!-- @AfterMethod tearDown -->
  <testcase classname="com.tutorials.qa.testcases.LoginTest" name="@BeforeMethod setUp" time="-1.682395117081E9">
    <skipped/>
  </testcase> <!-- @BeforeMethod setUp -->
  <testcase classname="com.tutorials.qa.testcases.LoginTest" name="@AfterMethod tearDown" time="-1.682395117096E9">
    <skipped/>
  </testcase> <!-- @AfterMethod tearDown -->
  <testcase classname="com.tutorials.qa.testcases.LoginTest" name="@BeforeMethod setUp" time="-1.6823951171E9">
    <skipped/>
  </testcase> <!-- @BeforeMethod setUp -->
  <testcase classname="com.tutorials.qa.testcases.LoginTest" name="@AfterMethod tearDown" time="-1.682395117107E9">
    <skipped/>
  </testcase> <!-- @AfterMethod tearDown -->
  <testcase classname="com.tutorials.qa.testcases.LoginTest" name="@BeforeMethod setUp" time="-1.682395117107E9">
    <skipped/>
  </testcase> <!-- @BeforeMethod setUp -->
  <testcase classname="com.tutorials.qa.testcases.LoginTest" name="@AfterMethod tearDown" time="-1.68239511722E9">
    <skipped/>
  </testcase> <!-- @AfterMethod tearDown -->
  <testcase classname="com.tutorials.qa.testcases.LoginTest" name="@BeforeMethod setUp" time="-1.682395117221E9">
    <skipped/>
  </testcase> <!-- @BeforeMethod setUp -->
  <testcase classname="com.tutorials.qa.testcases.LoginTest" name="@AfterMethod tearDown" time="-1.682395117237E9">
    <skipped/>
  </testcase> <!-- @AfterMethod tearDown -->
  <testcase classname="com.tutorials.qa.testcases.LoginTest" name="@BeforeMethod setUp" time="-1.682395117237E9">
    <skipped/>
  </testcase> <!-- @BeforeMethod setUp -->
  <testcase classname="com.tutorials.qa.testcases.LoginTest" name="@AfterMethod tearDown" time="-1.682395117251E9">
    <skipped/>
  </testcase> <!-- @AfterMethod tearDown -->
  <testcase classname="com.tutorials.qa.testcases.RegisterTest" name="@BeforeMethod setUp" time="11.278">
    <failure type="org.openqa.selenium.TimeoutException" message="timeout: Timed out receiving message from renderer: 8.752
  (Session info: chrome=112.0.5615.138)
Build info: version: &amp;apos;4.8.2&amp;apos;, revision: &amp;apos;826dbfc730&amp;apos;
System info: os.name: &amp;apos;Windows 11&amp;apos;, os.arch: &amp;apos;amd64&amp;apos;, os.version: &amp;apos;10.0&amp;apos;, java.version: &amp;apos;17.0.5&amp;apos;
Driver info: org.openqa.selenium.chrome.ChromeDriver
Command: [5b36ef6e4ef36af2f02bd31d8ed2d000, get {url=https://tutorialsninja.com/demo/}]
Capabilities {acceptInsecureCerts: false, browserName: chrome, browserVersion: 112.0.5615.138, chrome: {chromedriverVersion: 112.0.5615.49 (bd2a7bcb881c..., userDataDir: C:\Users\nadr9\AppData\Loca...}, goog:chromeOptions: {debuggerAddress: localhost:62471}, networkConnectionEnabled: false, pageLoadStrategy: normal, platformName: WINDOWS, proxy: Proxy(), se:cdp: ws://localhost:62471/devtoo..., se:cdpVersion: 112.0.5615.138, setWindowRect: true, strictFileInteractability: false, timeouts: {implicit: 0, pageLoad: 300000, script: 30000}, unhandledPromptBehavior: dismiss and notify, webauthn:extension:credBlob: true, webauthn:extension:largeBlob: true, webauthn:extension:minPinLength: true, webauthn:extension:prf: true, webauthn:virtualAuthenticators: true}
Session ID: 5b36ef6e4ef36af2f02bd31d8ed2d000">
      <![CDATA[org.openqa.selenium.TimeoutException: timeout: Timed out receiving message from renderer: 8.752
  (Session info: chrome=112.0.5615.138)
Build info: version: '4.8.2', revision: '826dbfc730'
System info: os.name: 'Windows 11', os.arch: 'amd64', os.version: '10.0', java.version: '17.0.5'
Driver info: org.openqa.selenium.chrome.ChromeDriver
Command: [5b36ef6e4ef36af2f02bd31d8ed2d000, get {url=https://tutorialsninja.com/demo/}]
Capabilities {acceptInsecureCerts: false, browserName: chrome, browserVersion: 112.0.5615.138, chrome: {chromedriverVersion: 112.0.5615.49 (bd2a7bcb881c..., userDataDir: C:\Users\nadr9\AppData\Loca...}, goog:chromeOptions: {debuggerAddress: localhost:62471}, networkConnectionEnabled: false, pageLoadStrategy: normal, platformName: WINDOWS, proxy: Proxy(), se:cdp: ws://localhost:62471/devtoo..., se:cdpVersion: 112.0.5615.138, setWindowRect: true, strictFileInteractability: false, timeouts: {implicit: 0, pageLoad: 300000, script: 30000}, unhandledPromptBehavior: dismiss and notify, webauthn:extension:credBlob: true, webauthn:extension:largeBlob: true, webauthn:extension:minPinLength: true, webauthn:extension:prf: true, webauthn:virtualAuthenticators: true}
Session ID: 5b36ef6e4ef36af2f02bd31d8ed2d000
at org.openqa.selenium.remote.codec.w3c.W3CHttpResponseCodec.createException(W3CHttpResponseCodec.java:200)
at org.openqa.selenium.remote.codec.w3c.W3CHttpResponseCodec.decode(W3CHttpResponseCodec.java:133)
at org.openqa.selenium.remote.codec.w3c.W3CHttpResponseCodec.decode(W3CHttpResponseCodec.java:53)
at org.openqa.selenium.remote.HttpCommandExecutor.execute(HttpCommandExecutor.java:193)
at org.openqa.selenium.remote.service.DriverCommandExecutor.invokeExecute(DriverCommandExecutor.java:183)
at org.openqa.selenium.remote.service.DriverCommandExecutor.execute(DriverCommandExecutor.java:158)
at org.openqa.selenium.remote.RemoteWebDriver.execute(RemoteWebDriver.java:543)
at org.openqa.selenium.remote.RemoteWebDriver.get(RemoteWebDriver.java:297)
at com.tutorials.qa.testbase.TestBase.initializeBrowserAndOpenAplication(TestBase.java:59)
at com.tutorials.qa.testcases.RegisterTest.setUp(RegisterTest.java:22)
at java.base/java.util.ArrayList.forEach(ArrayList.java:1511)
... Removed 36 stack frames]]>
    </failure>
  </testcase> <!-- @BeforeMethod setUp -->
  <testcase classname="com.tutorials.qa.testcases.RegisterTest" name="@AfterMethod tearDown" time="-1.682395174159E9">
    <skipped/>
  </testcase> <!-- @AfterMethod tearDown -->
  <testcase classname="com.tutorials.qa.testcases.RegisterTest" name="@BeforeMethod setUp" time="-1.682395174167E9">
    <skipped/>
  </testcase> <!-- @BeforeMethod setUp -->
  <testcase classname="com.tutorials.qa.testcases.RegisterTest" name="@AfterMethod tearDown" time="-1.682395174175E9">
    <skipped/>
  </testcase> <!-- @AfterMethod tearDown -->
  <testcase classname="com.tutorials.qa.testcases.SearchProductTest" name="@BeforeMethod setUp" time="11.283">
    <failure type="org.openqa.selenium.TimeoutException" message="timeout: Timed out receiving message from renderer: 8.811
  (Session info: chrome=112.0.5615.138)
Build info: version: &amp;apos;4.8.2&amp;apos;, revision: &amp;apos;826dbfc730&amp;apos;
System info: os.name: &amp;apos;Windows 11&amp;apos;, os.arch: &amp;apos;amd64&amp;apos;, os.version: &amp;apos;10.0&amp;apos;, java.version: &amp;apos;17.0.5&amp;apos;
Driver info: org.openqa.selenium.chrome.ChromeDriver
Command: [7436a3589ac2e8795c727c2f26b4b688, get {url=https://tutorialsninja.com/demo/}]
Capabilities {acceptInsecureCerts: false, browserName: chrome, browserVersion: 112.0.5615.138, chrome: {chromedriverVersion: 112.0.5615.49 (bd2a7bcb881c..., userDataDir: C:\Users\nadr9\AppData\Loca...}, goog:chromeOptions: {debuggerAddress: localhost:62513}, networkConnectionEnabled: false, pageLoadStrategy: normal, platformName: WINDOWS, proxy: Proxy(), se:cdp: ws://localhost:62513/devtoo..., se:cdpVersion: 112.0.5615.138, setWindowRect: true, strictFileInteractability: false, timeouts: {implicit: 0, pageLoad: 300000, script: 30000}, unhandledPromptBehavior: dismiss and notify, webauthn:extension:credBlob: true, webauthn:extension:largeBlob: true, webauthn:extension:minPinLength: true, webauthn:extension:prf: true, webauthn:virtualAuthenticators: true}
Session ID: 7436a3589ac2e8795c727c2f26b4b688">
      <![CDATA[org.openqa.selenium.TimeoutException: timeout: Timed out receiving message from renderer: 8.811
  (Session info: chrome=112.0.5615.138)
Build info: version: '4.8.2', revision: '826dbfc730'
System info: os.name: 'Windows 11', os.arch: 'amd64', os.version: '10.0', java.version: '17.0.5'
Driver info: org.openqa.selenium.chrome.ChromeDriver
Command: [7436a3589ac2e8795c727c2f26b4b688, get {url=https://tutorialsninja.com/demo/}]
Capabilities {acceptInsecureCerts: false, browserName: chrome, browserVersion: 112.0.5615.138, chrome: {chromedriverVersion: 112.0.5615.49 (bd2a7bcb881c..., userDataDir: C:\Users\nadr9\AppData\Loca...}, goog:chromeOptions: {debuggerAddress: localhost:62513}, networkConnectionEnabled: false, pageLoadStrategy: normal, platformName: WINDOWS, proxy: Proxy(), se:cdp: ws://localhost:62513/devtoo..., se:cdpVersion: 112.0.5615.138, setWindowRect: true, strictFileInteractability: false, timeouts: {implicit: 0, pageLoad: 300000, script: 30000}, unhandledPromptBehavior: dismiss and notify, webauthn:extension:credBlob: true, webauthn:extension:largeBlob: true, webauthn:extension:minPinLength: true, webauthn:extension:prf: true, webauthn:virtualAuthenticators: true}
Session ID: 7436a3589ac2e8795c727c2f26b4b688
at org.openqa.selenium.remote.codec.w3c.W3CHttpResponseCodec.createException(W3CHttpResponseCodec.java:200)
at org.openqa.selenium.remote.codec.w3c.W3CHttpResponseCodec.decode(W3CHttpResponseCodec.java:133)
at org.openqa.selenium.remote.codec.w3c.W3CHttpResponseCodec.decode(W3CHttpResponseCodec.java:53)
at org.openqa.selenium.remote.HttpCommandExecutor.execute(HttpCommandExecutor.java:193)
at org.openqa.selenium.remote.service.DriverCommandExecutor.invokeExecute(DriverCommandExecutor.java:183)
at org.openqa.selenium.remote.service.DriverCommandExecutor.execute(DriverCommandExecutor.java:158)
at org.openqa.selenium.remote.RemoteWebDriver.execute(RemoteWebDriver.java:543)
at org.openqa.selenium.remote.RemoteWebDriver.get(RemoteWebDriver.java:297)
at com.tutorials.qa.testbase.TestBase.initializeBrowserAndOpenAplication(TestBase.java:59)
at com.tutorials.qa.testcases.SearchProductTest.setUp(SearchProductTest.java:23)
at java.base/java.util.ArrayList.forEach(ArrayList.java:1511)
... Removed 36 stack frames]]>
    </failure>
  </testcase> <!-- @BeforeMethod setUp -->
  <testcase classname="com.tutorials.qa.testcases.SearchProductTest" name="@AfterMethod TearDown" time="-1.682395195307E9">
    <skipped/>
  </testcase> <!-- @AfterMethod TearDown -->
  <testcase classname="com.tutorials.qa.testcases.SearchProductTest" name="@BeforeMethod setUp" time="-1.682395195307E9">
    <skipped/>
  </testcase> <!-- @BeforeMethod setUp -->
  <testcase classname="com.tutorials.qa.testcases.SearchProductTest" name="@AfterMethod TearDown" time="-1.682395195354E9">
    <skipped/>
  </testcase> <!-- @AfterMethod TearDown -->
  <testcase classname="com.tutorials.qa.testcases.SearchProductTest" name="@BeforeMethod setUp" time="-1.682395195354E9">
    <skipped/>
  </testcase> <!-- @BeforeMethod setUp -->
  <testcase classname="com.tutorials.qa.testcases.SearchProductTest" name="@AfterMethod TearDown" time="-1.682395195362E9">
    <skipped/>
  </testcase> <!-- @AfterMethod TearDown -->
  <testcase classname="com.tutorials.qa.testcases.SearchProductTest" name="@BeforeMethod setUp" time="-1.682395195369E9">
    <skipped/>
  </testcase> <!-- @BeforeMethod setUp -->
  <testcase classname="com.tutorials.qa.testcases.SearchProductTest" name="@AfterMethod TearDown" time="-1.682395195376E9">
    <skipped/>
  </testcase> <!-- @AfterMethod TearDown -->
  <testcase classname="com.tutorials.qa.testcases.LoginTest" name="verifyLoggingIntoTheApplicationUsingValidCredentials" time="1.118"/>
  <testcase classname="com.tutorials.qa.testcases.LoginTest" name="verifyLoggingIntoTheApplicationUsingValidCredentials" time="0.0">
    <skipped/>
  </testcase> <!-- verifyLoggingIntoTheApplicationUsingValidCredentials -->
  <testcase classname="com.tutorials.qa.testcases.LoginTest" name="verifyLoggingIntoTheApplicationUsingValidCredentials" time="0.0">
    <skipped/>
  </testcase> <!-- verifyLoggingIntoTheApplicationUsingValidCredentials -->
  <testcase classname="com.tutorials.qa.testcases.LoginTest" name="verifyLoggingIntoTheApplicationUsingInvalidCredentials" time="0.0">
    <skipped/>
  </testcase> <!-- verifyLoggingIntoTheApplicationUsingInvalidCredentials -->
  <testcase classname="com.tutorials.qa.testcases.LoginTest" name="verifyLoggingIntoTheApplicationUsingInvalidEmailAddressAndValidPassword" time="0.0">
    <skipped/>
  </testcase> <!-- verifyLoggingIntoTheApplicationUsingInvalidEmailAddressAndValidPassword -->
  <testcase classname="com.tutorials.qa.testcases.LoginTest" name="verifyLoggingIntoTheApplicationUsingValidEmailAddressAndInvalidPassword" time="0.0">
    <skipped/>
  </testcase> <!-- verifyLoggingIntoTheApplicationUsingValidEmailAddressAndInvalidPassword -->
  <testcase classname="com.tutorials.qa.testcases.LoginTest" name="VerifyLoggingIntoTheApplicationWithoutProvidingAnyCredentials" time="0.0">
    <skipped/>
  </testcase> <!-- VerifyLoggingIntoTheApplicationWithoutProvidingAnyCredentials -->
  <testcase classname="com.tutorials.qa.testcases.LoginTest" name="VerifyForgottenPasswordlinkIsAvailableInTheLoginPageAndIsWorking" time="0.0">
    <skipped/>
  </testcase> <!-- VerifyForgottenPasswordlinkIsAvailableInTheLoginPageAndIsWorking -->
  <testcase classname="com.tutorials.qa.testcases.RegisterTest" name="verifyRegisteringAnAccountByProvidingOnlyTheMandatoryFields" time="1.688"/>
  <testcase classname="com.tutorials.qa.testcases.RegisterTest" name="verifyingRegisteringAccountWithExistingCredentials" time="1.382"/>
  <testcase classname="com.tutorials.qa.testcases.RegisterTest" name="VerifyRegisteringTheAccountWithoutSelectingThePrivacyPolicyCheckboxOption" time="1.291"/>
  <testcase classname="com.tutorials.qa.testcases.RegisterTest" name="verifyRegisteringAnAccountByProvidingAllTheFields" time="1.576"/>
  <testcase classname="com.tutorials.qa.testcases.RegisterTest" name="VerifyRegisteringAnAccountByEnteringDifferentPasswordsIntoPasswordAndPasswordConfirmfields" time="0.0">
    <skipped/>
  </testcase> <!-- VerifyRegisteringAnAccountByEnteringDifferentPasswordsIntoPasswordAndPasswordConfirmfields -->
  <testcase classname="com.tutorials.qa.testcases.RegisterTest" name="verifyProperNotificationMessagesAreDisplayedForTheMandatoryFieldsWhenYouDoNotProvideAnyDetiles" time="0.0">
    <skipped/>
  </testcase> <!-- verifyProperNotificationMessagesAreDisplayedForTheMandatoryFieldsWhenYouDoNotProvideAnyDetiles -->
  <testcase classname="com.tutorials.qa.testcases.SearchProductTest" name="VerifySearchingWithAnExistingProductName" time="0.865"/>
  <testcase classname="com.tutorials.qa.testcases.SearchProductTest" name="VerifySearchingWithANonExistingProductName" time="0.0">
    <skipped/>
  </testcase> <!-- VerifySearchingWithANonExistingProductName -->
  <testcase classname="com.tutorials.qa.testcases.SearchProductTest" name="verifySearchingWithoutProvidingAnyProductName" time="0.0">
    <skipped/>
  </testcase> <!-- verifySearchingWithoutProvidingAnyProductName -->
  <testcase classname="com.tutorials.qa.testcases.SearchProductTest" name="veriftySearchingForProductAfterLoginToTheAccount" time="0.0">
    <skipped/>
  </testcase> <!-- veriftySearchingForProductAfterLoginToTheAccount -->
  <testcase classname="com.tutorials.qa.testcases.SearchProductTest" name="verifySearchingUsingSearchCriteriafield" time="0.0">
    <skipped/>
  </testcase> <!-- verifySearchingUsingSearchCriteriafield -->
</testsuite> <!-- Test -->
