<html>
<head>
<title>TestNG:  Test</title>
<link href="../testng.css" rel="stylesheet" type="text/css" />
<link href="../my-testng.css" rel="stylesheet" type="text/css" />

<style type="text/css">
.log { display: none;} 
.stack-trace { display: none;} 
</style>
<script type="text/javascript">
<!--
function flip(e) {
  current = e.style.display;
  if (current == 'block') {
    e.style.display = 'none';
    return 0;
  }
  else {
    e.style.display = 'block';
    return 1;
  }
}

function toggleBox(szDivId, elem, msg1, msg2)
{
  var res = -1;  if (document.getElementById) {
    res = flip(document.getElementById(szDivId));
  }
  else if (document.all) {
    // this is the way old msie versions work
    res = flip(document.all[szDivId]);
  }
  if(elem) {
    if(res == 0) elem.innerHTML = msg1; else elem.innerHTML = msg2;
  }

}

function toggleAllBoxes() {
  if (document.getElementsByTagName) {
    d = document.getElementsByTagName('div');
    for (i = 0; i < d.length; i++) {
      if (d[i].className == 'log') {
        flip(d[i]);
      }
    }
  }
}

// -->
</script>

</head>
<body>
<h2 align='center'>Test</h2><table border='1' align="center">
<tr>
<td>Tests passed/Failed/Skipped:</td><td>16/3/0</td>
</tr><tr>
<td>Started on:</td><td>Mon Apr 24 15:15:09 EDT 2023</td>
</tr>
<tr><td>Total time:</td><td>101 seconds (101883 ms)</td>
</tr><tr>
<td>Included groups:</td><td></td>
</tr><tr>
<td>Excluded groups:</td><td></td>
</tr>
</table><p/>
<small><i>(Hover the method name to see the test class name)</i></small><p/>
<table width='100%' border='1' class='invocation-failed'>
<tr><td colspan='4' align='center'><b>FAILED TESTS</b></td></tr>
<tr><td><b>Test method</b></td>
<td width="30%"><b>Exception</b></td>
<td width="10%"><b>Time (seconds)</b></td>
<td><b>Instance</b></td>
</tr>
<tr>
<td title='com.tutorials.qa.testcases.RegisterTest.VerifyRegisteringAnAccountByEnteringDifferentPasswordsIntoPasswordAndPasswordConfirmfields()'><b>VerifyRegisteringAnAccountByEnteringDifferentPasswordsIntoPasswordAndPasswordConfirmfields</b><br>Test class: com.tutorials.qa.testcases.RegisterTest</td>
<td><div><pre>java.lang.AssertionError: The following asserts failed:
	Warning message is not displayed expected [Your Account Has Been Created!] but found [Password confirmation does not match password!]
	at com.tutorials.qa.testcases.RegisterTest.VerifyRegisteringAnAccountByEnteringDifferentPasswordsIntoPasswordAndPasswordConfirmfields(RegisterTest.java:124)
	at java.util.ArrayList.forEach(ArrayList.java:1259)
... Removed 33 stack frames</pre></div><a href='#' onClick='toggleBox("stack-trace2037343019", this, "Click to show all stack frames", "Click to hide stack frames")'>Click to show all stack frames</a>
<div class='stack-trace' id='stack-trace2037343019'><pre>java.lang.AssertionError: The following asserts failed:
	Warning message is not displayed expected [Your Account Has Been Created!] but found [Password confirmation does not match password!]
	at org.testng.asserts.SoftAssert.assertAll(SoftAssert.java:47)
	at org.testng.asserts.SoftAssert.assertAll(SoftAssert.java:31)
	at com.tutorials.qa.testcases.RegisterTest.VerifyRegisteringAnAccountByEnteringDifferentPasswordsIntoPasswordAndPasswordConfirmfields(RegisterTest.java:124)
	at sun.reflect.NativeMethodAccessorImpl.invoke0(Native Method)
	at sun.reflect.NativeMethodAccessorImpl.invoke(NativeMethodAccessorImpl.java:62)
	at sun.reflect.DelegatingMethodAccessorImpl.invoke(DelegatingMethodAccessorImpl.java:43)
	at java.lang.reflect.Method.invoke(Method.java:498)
	at org.testng.internal.MethodInvocationHelper.invokeMethod(MethodInvocationHelper.java:134)
	at org.testng.internal.TestInvoker.invokeMethod(TestInvoker.java:597)
	at org.testng.internal.TestInvoker.invokeTestMethod(TestInvoker.java:173)
	at org.testng.internal.MethodRunner.runInSequence(MethodRunner.java:46)
	at org.testng.internal.TestInvoker$MethodInvocationAgent.invoke(TestInvoker.java:816)
	at org.testng.internal.TestInvoker.invokeTestMethods(TestInvoker.java:146)
	at org.testng.internal.TestMethodWorker.invokeTestMethods(TestMethodWorker.java:146)
	at org.testng.internal.TestMethodWorker.run(TestMethodWorker.java:128)
	at java.util.ArrayList.forEach(ArrayList.java:1259)
	at org.testng.TestRunner.privateRun(TestRunner.java:766)
	at org.testng.TestRunner.run(TestRunner.java:587)
	at org.testng.SuiteRunner.runTest(SuiteRunner.java:384)
	at org.testng.SuiteRunner.runSequentially(SuiteRunner.java:378)
	at org.testng.SuiteRunner.privateRun(SuiteRunner.java:337)
	at org.testng.SuiteRunner.run(SuiteRunner.java:286)
	at org.testng.SuiteRunnerWorker.runSuite(SuiteRunnerWorker.java:53)
	at org.testng.SuiteRunnerWorker.run(SuiteRunnerWorker.java:96)
	at org.testng.TestNG.runSuitesSequentially(TestNG.java:1187)
	at org.testng.TestNG.runSuitesLocally(TestNG.java:1109)
	at org.testng.TestNG.runSuites(TestNG.java:1039)
	at org.testng.TestNG.run(TestNG.java:1007)
	at org.apache.maven.surefire.testng.TestNGExecutor.run(TestNGExecutor.java:308)
	at org.apache.maven.surefire.testng.TestNGXmlTestSuite.execute(TestNGXmlTestSuite.java:71)
	at org.apache.maven.surefire.testng.TestNGProvider.invoke(TestNGProvider.java:113)
	at org.apache.maven.surefire.booter.ForkedBooter.runSuitesInProcess(ForkedBooter.java:385)
	at org.apache.maven.surefire.booter.ForkedBooter.execute(ForkedBooter.java:162)
	at org.apache.maven.surefire.booter.ForkedBooter.run(ForkedBooter.java:507)
	at org.apache.maven.surefire.booter.ForkedBooter.main(ForkedBooter.java:495)
</pre></div></td>
<td>0</td>
<td>com.tutorials.qa.testcases.RegisterTest@587d1d39</td></tr>
<tr>
<td title='com.tutorials.qa.testcases.RegisterTest.verifyProperNotificationMessagesAreDisplayedForTheMandatoryFieldsWhenYouDoNotProvideAnyDetiles()'><b>verifyProperNotificationMessagesAreDisplayedForTheMandatoryFieldsWhenYouDoNotProvideAnyDetiles</b><br>Test class: com.tutorials.qa.testcases.RegisterTest</td>
<td><div><pre>java.lang.AssertionError: The following asserts failed:
	Warning message is not displayed expected [Your Account Has Been Created!] but found [Password confirmation does not match password!]
	at com.tutorials.qa.testcases.RegisterTest.verifyProperNotificationMessagesAreDisplayedForTheMandatoryFieldsWhenYouDoNotProvideAnyDetiles(RegisterTest.java:137)
	at java.util.ArrayList.forEach(ArrayList.java:1259)
... Removed 33 stack frames</pre></div><a href='#' onClick='toggleBox("stack-trace733693146", this, "Click to show all stack frames", "Click to hide stack frames")'>Click to show all stack frames</a>
<div class='stack-trace' id='stack-trace733693146'><pre>java.lang.AssertionError: The following asserts failed:
	Warning message is not displayed expected [Your Account Has Been Created!] but found [Password confirmation does not match password!]
	at org.testng.asserts.SoftAssert.assertAll(SoftAssert.java:47)
	at org.testng.asserts.SoftAssert.assertAll(SoftAssert.java:31)
	at com.tutorials.qa.testcases.RegisterTest.verifyProperNotificationMessagesAreDisplayedForTheMandatoryFieldsWhenYouDoNotProvideAnyDetiles(RegisterTest.java:137)
	at sun.reflect.NativeMethodAccessorImpl.invoke0(Native Method)
	at sun.reflect.NativeMethodAccessorImpl.invoke(NativeMethodAccessorImpl.java:62)
	at sun.reflect.DelegatingMethodAccessorImpl.invoke(DelegatingMethodAccessorImpl.java:43)
	at java.lang.reflect.Method.invoke(Method.java:498)
	at org.testng.internal.MethodInvocationHelper.invokeMethod(MethodInvocationHelper.java:134)
	at org.testng.internal.TestInvoker.invokeMethod(TestInvoker.java:597)
	at org.testng.internal.TestInvoker.invokeTestMethod(TestInvoker.java:173)
	at org.testng.internal.MethodRunner.runInSequence(MethodRunner.java:46)
	at org.testng.internal.TestInvoker$MethodInvocationAgent.invoke(TestInvoker.java:816)
	at org.testng.internal.TestInvoker.invokeTestMethods(TestInvoker.java:146)
	at org.testng.internal.TestMethodWorker.invokeTestMethods(TestMethodWorker.java:146)
	at org.testng.internal.TestMethodWorker.run(TestMethodWorker.java:128)
	at java.util.ArrayList.forEach(ArrayList.java:1259)
	at org.testng.TestRunner.privateRun(TestRunner.java:766)
	at org.testng.TestRunner.run(TestRunner.java:587)
	at org.testng.SuiteRunner.runTest(SuiteRunner.java:384)
	at org.testng.SuiteRunner.runSequentially(SuiteRunner.java:378)
	at org.testng.SuiteRunner.privateRun(SuiteRunner.java:337)
	at org.testng.SuiteRunner.run(SuiteRunner.java:286)
	at org.testng.SuiteRunnerWorker.runSuite(SuiteRunnerWorker.java:53)
	at org.testng.SuiteRunnerWorker.run(SuiteRunnerWorker.java:96)
	at org.testng.TestNG.runSuitesSequentially(TestNG.java:1187)
	at org.testng.TestNG.runSuitesLocally(TestNG.java:1109)
	at org.testng.TestNG.runSuites(TestNG.java:1039)
	at org.testng.TestNG.run(TestNG.java:1007)
	at org.apache.maven.surefire.testng.TestNGExecutor.run(TestNGExecutor.java:308)
	at org.apache.maven.surefire.testng.TestNGXmlTestSuite.execute(TestNGXmlTestSuite.java:71)
	at org.apache.maven.surefire.testng.TestNGProvider.invoke(TestNGProvider.java:113)
	at org.apache.maven.surefire.booter.ForkedBooter.runSuitesInProcess(ForkedBooter.java:385)
	at org.apache.maven.surefire.booter.ForkedBooter.execute(ForkedBooter.java:162)
	at org.apache.maven.surefire.booter.ForkedBooter.run(ForkedBooter.java:507)
	at org.apache.maven.surefire.booter.ForkedBooter.main(ForkedBooter.java:495)
</pre></div></td>
<td>0</td>
<td>com.tutorials.qa.testcases.RegisterTest@587d1d39</td></tr>
<tr>
<td title='com.tutorials.qa.testcases.SearchProductTest.verifySearchingUsingSearchCriteriafield()'><b>verifySearchingUsingSearchCriteriafield</b><br>Test class: com.tutorials.qa.testcases.SearchProductTest</td>
<td><div><pre>java.lang.AssertionError: The following asserts failed:
	no product message in the search result is displayed expected [null] but found [Products meeting the search criteria]
	at com.tutorials.qa.testcases.SearchProductTest.verifySearchingUsingSearchCriteriafield(SearchProductTest.java:86)
	at java.util.ArrayList.forEach(ArrayList.java:1259)
... Removed 33 stack frames</pre></div><a href='#' onClick='toggleBox("stack-trace483529787", this, "Click to show all stack frames", "Click to hide stack frames")'>Click to show all stack frames</a>
<div class='stack-trace' id='stack-trace483529787'><pre>java.lang.AssertionError: The following asserts failed:
	no product message in the search result is displayed expected [null] but found [Products meeting the search criteria]
	at org.testng.asserts.SoftAssert.assertAll(SoftAssert.java:47)
	at org.testng.asserts.SoftAssert.assertAll(SoftAssert.java:31)
	at com.tutorials.qa.testcases.SearchProductTest.verifySearchingUsingSearchCriteriafield(SearchProductTest.java:86)
	at sun.reflect.NativeMethodAccessorImpl.invoke0(Native Method)
	at sun.reflect.NativeMethodAccessorImpl.invoke(NativeMethodAccessorImpl.java:62)
	at sun.reflect.DelegatingMethodAccessorImpl.invoke(DelegatingMethodAccessorImpl.java:43)
	at java.lang.reflect.Method.invoke(Method.java:498)
	at org.testng.internal.MethodInvocationHelper.invokeMethod(MethodInvocationHelper.java:134)
	at org.testng.internal.TestInvoker.invokeMethod(TestInvoker.java:597)
	at org.testng.internal.TestInvoker.invokeTestMethod(TestInvoker.java:173)
	at org.testng.internal.MethodRunner.runInSequence(MethodRunner.java:46)
	at org.testng.internal.TestInvoker$MethodInvocationAgent.invoke(TestInvoker.java:816)
	at org.testng.internal.TestInvoker.invokeTestMethods(TestInvoker.java:146)
	at org.testng.internal.TestMethodWorker.invokeTestMethods(TestMethodWorker.java:146)
	at org.testng.internal.TestMethodWorker.run(TestMethodWorker.java:128)
	at java.util.ArrayList.forEach(ArrayList.java:1259)
	at org.testng.TestRunner.privateRun(TestRunner.java:766)
	at org.testng.TestRunner.run(TestRunner.java:587)
	at org.testng.SuiteRunner.runTest(SuiteRunner.java:384)
	at org.testng.SuiteRunner.runSequentially(SuiteRunner.java:378)
	at org.testng.SuiteRunner.privateRun(SuiteRunner.java:337)
	at org.testng.SuiteRunner.run(SuiteRunner.java:286)
	at org.testng.SuiteRunnerWorker.runSuite(SuiteRunnerWorker.java:53)
	at org.testng.SuiteRunnerWorker.run(SuiteRunnerWorker.java:96)
	at org.testng.TestNG.runSuitesSequentially(TestNG.java:1187)
	at org.testng.TestNG.runSuitesLocally(TestNG.java:1109)
	at org.testng.TestNG.runSuites(TestNG.java:1039)
	at org.testng.TestNG.run(TestNG.java:1007)
	at org.apache.maven.surefire.testng.TestNGExecutor.run(TestNGExecutor.java:308)
	at org.apache.maven.surefire.testng.TestNGXmlTestSuite.execute(TestNGXmlTestSuite.java:71)
	at org.apache.maven.surefire.testng.TestNGProvider.invoke(TestNGProvider.java:113)
	at org.apache.maven.surefire.booter.ForkedBooter.runSuitesInProcess(ForkedBooter.java:385)
	at org.apache.maven.surefire.booter.ForkedBooter.execute(ForkedBooter.java:162)
	at org.apache.maven.surefire.booter.ForkedBooter.run(ForkedBooter.java:507)
	at org.apache.maven.surefire.booter.ForkedBooter.main(ForkedBooter.java:495)
</pre></div></td>
<td>1</td>
<td>com.tutorials.qa.testcases.SearchProductTest@58c1670b</td></tr>
</table><p>
<table width='100%' border='1' class='invocation-passed'>
<tr><td colspan='4' align='center'><b>PASSED TESTS</b></td></tr>
<tr><td><b>Test method</b></td>
<td width="30%"><b>Exception</b></td>
<td width="10%"><b>Time (seconds)</b></td>
<td><b>Instance</b></td>
</tr>
<tr>
<td title='com.tutorials.qa.testcases.LoginTest.VerifyForgottenPasswordlinkIsAvailableInTheLoginPageAndIsWorking()'><b>VerifyForgottenPasswordlinkIsAvailableInTheLoginPageAndIsWorking</b><br>Test class: com.tutorials.qa.testcases.LoginTest</td>
<td></td>
<td>0</td>
<td>com.tutorials.qa.testcases.LoginTest@2c039ac6</td></tr>
<tr>
<td title='com.tutorials.qa.testcases.LoginTest.VerifyLoggingIntoTheApplicationWithoutProvidingAnyCredentials()'><b>VerifyLoggingIntoTheApplicationWithoutProvidingAnyCredentials</b><br>Test class: com.tutorials.qa.testcases.LoginTest</td>
<td></td>
<td>0</td>
<td>com.tutorials.qa.testcases.LoginTest@2c039ac6</td></tr>
<tr>
<td title='com.tutorials.qa.testcases.RegisterTest.VerifyRegisteringTheAccountWithoutSelectingThePrivacyPolicyCheckboxOption()'><b>VerifyRegisteringTheAccountWithoutSelectingThePrivacyPolicyCheckboxOption</b><br>Test class: com.tutorials.qa.testcases.RegisterTest</td>
<td></td>
<td>0</td>
<td>com.tutorials.qa.testcases.RegisterTest@587d1d39</td></tr>
<tr>
<td title='com.tutorials.qa.testcases.SearchProductTest.VerifySearchingWithANonExistingProductName()'><b>VerifySearchingWithANonExistingProductName</b><br>Test class: com.tutorials.qa.testcases.SearchProductTest</td>
<td></td>
<td>0</td>
<td>com.tutorials.qa.testcases.SearchProductTest@58c1670b</td></tr>
<tr>
<td title='com.tutorials.qa.testcases.SearchProductTest.VerifySearchingWithAnExistingProductName()'><b>VerifySearchingWithAnExistingProductName</b><br>Test class: com.tutorials.qa.testcases.SearchProductTest</td>
<td></td>
<td>0</td>
<td>com.tutorials.qa.testcases.SearchProductTest@58c1670b</td></tr>
<tr>
<td title='com.tutorials.qa.testcases.SearchProductTest.veriftySearchingForProductAfterLoginToTheAccount()'><b>veriftySearchingForProductAfterLoginToTheAccount</b><br>Test class: com.tutorials.qa.testcases.SearchProductTest</td>
<td></td>
<td>1</td>
<td>com.tutorials.qa.testcases.SearchProductTest@58c1670b</td></tr>
<tr>
<td title='com.tutorials.qa.testcases.LoginTest.verifyLoggingIntoTheApplicationUsingInvalidCredentials()'><b>verifyLoggingIntoTheApplicationUsingInvalidCredentials</b><br>Test class: com.tutorials.qa.testcases.LoginTest</td>
<td></td>
<td>0</td>
<td>com.tutorials.qa.testcases.LoginTest@2c039ac6</td></tr>
<tr>
<td title='com.tutorials.qa.testcases.LoginTest.verifyLoggingIntoTheApplicationUsingInvalidEmailAddressAndValidPassword()'><b>verifyLoggingIntoTheApplicationUsingInvalidEmailAddressAndValidPassword</b><br>Test class: com.tutorials.qa.testcases.LoginTest</td>
<td></td>
<td>0</td>
<td>com.tutorials.qa.testcases.LoginTest@2c039ac6</td></tr>
<tr>
<td title='com.tutorials.qa.testcases.LoginTest.verifyLoggingIntoTheApplicationUsingValidCredentials()'><b>verifyLoggingIntoTheApplicationUsingValidCredentials</b><br>Test class: com.tutorials.qa.testcases.LoginTest<br>Parameters: khettar123@gmail.com, serene0709</td>
<td></td>
<td>0</td>
<td>com.tutorials.qa.testcases.LoginTest@2c039ac6</td></tr>
<tr>
<td title='com.tutorials.qa.testcases.LoginTest.verifyLoggingIntoTheApplicationUsingValidCredentials()'><b>verifyLoggingIntoTheApplicationUsingValidCredentials</b><br>Test class: com.tutorials.qa.testcases.LoginTest<br>Parameters: nadr912@gmail.com, Serene2021#</td>
<td></td>
<td>0</td>
<td>com.tutorials.qa.testcases.LoginTest@2c039ac6</td></tr>
<tr>
<td title='com.tutorials.qa.testcases.LoginTest.verifyLoggingIntoTheApplicationUsingValidCredentials()'><b>verifyLoggingIntoTheApplicationUsingValidCredentials</b><br>Test class: com.tutorials.qa.testcases.LoginTest<br>Parameters: nadr91299@gmail.com, Serene0709</td>
<td></td>
<td>0</td>
<td>com.tutorials.qa.testcases.LoginTest@2c039ac6</td></tr>
<tr>
<td title='com.tutorials.qa.testcases.LoginTest.verifyLoggingIntoTheApplicationUsingValidEmailAddressAndInvalidPassword()'><b>verifyLoggingIntoTheApplicationUsingValidEmailAddressAndInvalidPassword</b><br>Test class: com.tutorials.qa.testcases.LoginTest</td>
<td></td>
<td>0</td>
<td>com.tutorials.qa.testcases.LoginTest@2c039ac6</td></tr>
<tr>
<td title='com.tutorials.qa.testcases.RegisterTest.verifyRegisteringAnAccountByProvidingAllTheFields()'><b>verifyRegisteringAnAccountByProvidingAllTheFields</b><br>Test class: com.tutorials.qa.testcases.RegisterTest</td>
<td></td>
<td>1</td>
<td>com.tutorials.qa.testcases.RegisterTest@587d1d39</td></tr>
<tr>
<td title='com.tutorials.qa.testcases.RegisterTest.verifyRegisteringAnAccountByProvidingOnlyTheMandatoryFields()'><b>verifyRegisteringAnAccountByProvidingOnlyTheMandatoryFields</b><br>Test class: com.tutorials.qa.testcases.RegisterTest</td>
<td></td>
<td>1</td>
<td>com.tutorials.qa.testcases.RegisterTest@587d1d39</td></tr>
<tr>
<td title='com.tutorials.qa.testcases.SearchProductTest.verifySearchingWithoutProvidingAnyProductName()'><b>verifySearchingWithoutProvidingAnyProductName</b><br>Test class: com.tutorials.qa.testcases.SearchProductTest</td>
<td></td>
<td>0</td>
<td>com.tutorials.qa.testcases.SearchProductTest@58c1670b</td></tr>
<tr>
<td title='com.tutorials.qa.testcases.RegisterTest.verifyingRegisteringAccountWithExistingCredentials()'><b>verifyingRegisteringAccountWithExistingCredentials</b><br>Test class: com.tutorials.qa.testcases.RegisterTest</td>
<td></td>
<td>0</td>
<td>com.tutorials.qa.testcases.RegisterTest@587d1d39</td></tr>
</table><p>
</body>
</html>