<?xml version="1.0" encoding="UTF-8"?>
<!-- Generated by org.testng.reporters.JUnitXMLReporter -->
<testsuite hostname="kNadia-device" ignored="0" name="Test" tests="19" failures="3" timestamp="2023-04-24T15:16:51 EDT" time="101.883" errors="0">
  <testcase name="verifyLoggingIntoTheApplicationUsingValidCredentials" time="0.859" classname="com.tutorials.qa.testcases.LoginTest"/>
  <testcase name="verifyLoggingIntoTheApplicationUsingValidCredentials" time="0.791" classname="com.tutorials.qa.testcases.LoginTest"/>
  <testcase name="verifyLoggingIntoTheApplicationUsingValidCredentials" time="0.79" classname="com.tutorials.qa.testcases.LoginTest"/>
  <testcase name="verifyLoggingIntoTheApplicationUsingInvalidCredentials" time="0.629" classname="com.tutorials.qa.testcases.LoginTest"/>
  <testcase name="verifyLoggingIntoTheApplicationUsingInvalidEmailAddressAndValidPassword" time="0.623" classname="com.tutorials.qa.testcases.LoginTest"/>
  <testcase name="verifyLoggingIntoTheApplicationUsingValidEmailAddressAndInvalidPassword" time="0.541" classname="com.tutorials.qa.testcases.LoginTest"/>
  <testcase name="VerifyLoggingIntoTheApplicationWithoutProvidingAnyCredentials" time="0.372" classname="com.tutorials.qa.testcases.LoginTest"/>
  <testcase name="VerifyForgottenPasswordlinkIsAvailableInTheLoginPageAndIsWorking" time="0.397" classname="com.tutorials.qa.testcases.LoginTest"/>
  <testcase name="verifyRegisteringAnAccountByProvidingOnlyTheMandatoryFields" time="1.14" classname="com.tutorials.qa.testcases.RegisterTest"/>
  <testcase name="verifyingRegisteringAccountWithExistingCredentials" time="0.804" classname="com.tutorials.qa.testcases.RegisterTest"/>
  <testcase name="VerifyRegisteringTheAccountWithoutSelectingThePrivacyPolicyCheckboxOption" time="0.904" classname="com.tutorials.qa.testcases.RegisterTest"/>
  <testcase name="verifyRegisteringAnAccountByProvidingAllTheFields" time="1.227" classname="com.tutorials.qa.testcases.RegisterTest"/>
  <testcase name="VerifyRegisteringAnAccountByEnteringDifferentPasswordsIntoPasswordAndPasswordConfirmfields" time="0.925" classname="com.tutorials.qa.testcases.RegisterTest">
    <failure type="java.lang.AssertionError" message="The following asserts failed:
	Warning message is not displayed expected [Your Account Has Been Created!] but found [Password confirmation does not match password!]">
      <![CDATA[java.lang.AssertionError: The following asserts failed:
Warning message is not displayed expected [Your Account Has Been Created!] but found [Password confirmation does not match password!]
at com.tutorials.qa.testcases.RegisterTest.VerifyRegisteringAnAccountByEnteringDifferentPasswordsIntoPasswordAndPasswordConfirmfields(RegisterTest.java:124)
at java.util.ArrayList.forEach(ArrayList.java:1259)
... Removed 33 stack frames]]>
    </failure>
  </testcase> <!-- VerifyRegisteringAnAccountByEnteringDifferentPasswordsIntoPasswordAndPasswordConfirmfields -->
  <testcase name="verifyProperNotificationMessagesAreDisplayedForTheMandatoryFieldsWhenYouDoNotProvideAnyDetiles" time="0.379" classname="com.tutorials.qa.testcases.RegisterTest">
    <failure type="java.lang.AssertionError" message="The following asserts failed:
	Warning message is not displayed expected [Your Account Has Been Created!] but found [Password confirmation does not match password!]">
      <![CDATA[java.lang.AssertionError: The following asserts failed:
Warning message is not displayed expected [Your Account Has Been Created!] but found [Password confirmation does not match password!]
at com.tutorials.qa.testcases.RegisterTest.verifyProperNotificationMessagesAreDisplayedForTheMandatoryFieldsWhenYouDoNotProvideAnyDetiles(RegisterTest.java:137)
at java.util.ArrayList.forEach(ArrayList.java:1259)
... Removed 33 stack frames]]>
    </failure>
  </testcase> <!-- verifyProperNotificationMessagesAreDisplayedForTheMandatoryFieldsWhenYouDoNotProvideAnyDetiles -->
  <testcase name="VerifySearchingWithAnExistingProductName" time="0.662" classname="com.tutorials.qa.testcases.SearchProductTest"/>
  <testcase name="VerifySearchingWithANonExistingProductName" time="0.468" classname="com.tutorials.qa.testcases.SearchProductTest"/>
  <testcase name="verifySearchingWithoutProvidingAnyProductName" time="0.376" classname="com.tutorials.qa.testcases.SearchProductTest"/>
  <testcase name="veriftySearchingForProductAfterLoginToTheAccount" time="1.851" classname="com.tutorials.qa.testcases.SearchProductTest"/>
  <testcase name="verifySearchingUsingSearchCriteriafield" time="1.035" classname="com.tutorials.qa.testcases.SearchProductTest">
    <failure type="java.lang.AssertionError" message="The following asserts failed:
	no product message in the search result is displayed expected [null] but found [Products meeting the search criteria]">
      <![CDATA[java.lang.AssertionError: The following asserts failed:
no product message in the search result is displayed expected [null] but found [Products meeting the search criteria]
at com.tutorials.qa.testcases.SearchProductTest.verifySearchingUsingSearchCriteriafield(SearchProductTest.java:86)
at java.util.ArrayList.forEach(ArrayList.java:1259)
... Removed 33 stack frames]]>
    </failure>
  </testcase> <!-- verifySearchingUsingSearchCriteriafield -->
</testsuite> <!-- Test -->
