<?xml version="1.0" encoding="UTF-8"?>
<testng-results skipped="0" failed="3" ignored="0" total="19" passed="16">
  <reporter-output>
  </reporter-output>
  <suite name="Suite" duration-ms="101883" started-at="2023-04-24T15:15:09 EDT" finished-at="2023-04-24T15:16:51 EDT">
    <groups>
    </groups>
    <test name="Test" duration-ms="101883" started-at="2023-04-24T15:15:09 EDT" finished-at="2023-04-24T15:16:51 EDT">
      <class name="com.tutorials.qa.testcases.RegisterTest">
        <test-method status="PASS" signature="setUp()[pri:0, instance:com.tutorials.qa.testcases.RegisterTest@587d1d39]" name="setUp" is-config="true" duration-ms="4083" started-at="2023-04-24T15:15:53 EDT" finished-at="2023-04-24T15:15:57 EDT">
          <reporter-output>
          </reporter-output>
        </test-method> <!-- setUp -->
        <test-method status="PASS" signature="verifyRegisteringAnAccountByProvidingOnlyTheMandatoryFields()[pri:1, instance:com.tutorials.qa.testcases.RegisterTest@587d1d39]" name="verifyRegisteringAnAccountByProvidingOnlyTheMandatoryFields" duration-ms="1140" started-at="2023-04-24T15:15:57 EDT" finished-at="2023-04-24T15:15:58 EDT">
          <reporter-output>
          </reporter-output>
        </test-method> <!-- verifyRegisteringAnAccountByProvidingOnlyTheMandatoryFields -->
        <test-method status="PASS" signature="tearDown()[pri:0, instance:com.tutorials.qa.testcases.RegisterTest@587d1d39]" name="tearDown" is-config="true" duration-ms="759" started-at="2023-04-24T15:15:58 EDT" finished-at="2023-04-24T15:15:59 EDT">
          <reporter-output>
          </reporter-output>
        </test-method> <!-- tearDown -->
        <test-method status="PASS" signature="setUp()[pri:0, instance:com.tutorials.qa.testcases.RegisterTest@587d1d39]" name="setUp" is-config="true" duration-ms="4153" started-at="2023-04-24T15:15:59 EDT" finished-at="2023-04-24T15:16:03 EDT">
          <reporter-output>
          </reporter-output>
        </test-method> <!-- setUp -->
        <test-method status="PASS" signature="verifyingRegisteringAccountWithExistingCredentials()[pri:2, instance:com.tutorials.qa.testcases.RegisterTest@587d1d39]" name="verifyingRegisteringAccountWithExistingCredentials" duration-ms="804" started-at="2023-04-24T15:16:03 EDT" finished-at="2023-04-24T15:16:04 EDT">
          <reporter-output>
          </reporter-output>
        </test-method> <!-- verifyingRegisteringAccountWithExistingCredentials -->
        <test-method status="PASS" signature="tearDown()[pri:0, instance:com.tutorials.qa.testcases.RegisterTest@587d1d39]" name="tearDown" is-config="true" duration-ms="699" started-at="2023-04-24T15:16:04 EDT" finished-at="2023-04-24T15:16:05 EDT">
          <reporter-output>
          </reporter-output>
        </test-method> <!-- tearDown -->
        <test-method status="PASS" signature="setUp()[pri:0, instance:com.tutorials.qa.testcases.RegisterTest@587d1d39]" name="setUp" is-config="true" duration-ms="3990" started-at="2023-04-24T15:16:05 EDT" finished-at="2023-04-24T15:16:09 EDT">
          <reporter-output>
          </reporter-output>
        </test-method> <!-- setUp -->
        <test-method status="PASS" signature="VerifyRegisteringTheAccountWithoutSelectingThePrivacyPolicyCheckboxOption()[pri:3, instance:com.tutorials.qa.testcases.RegisterTest@587d1d39]" name="VerifyRegisteringTheAccountWithoutSelectingThePrivacyPolicyCheckboxOption" duration-ms="904" started-at="2023-04-24T15:16:09 EDT" finished-at="2023-04-24T15:16:09 EDT">
          <reporter-output>
          </reporter-output>
        </test-method> <!-- VerifyRegisteringTheAccountWithoutSelectingThePrivacyPolicyCheckboxOption -->
        <test-method status="PASS" signature="tearDown()[pri:0, instance:com.tutorials.qa.testcases.RegisterTest@587d1d39]" name="tearDown" is-config="true" duration-ms="824" started-at="2023-04-24T15:16:09 EDT" finished-at="2023-04-24T15:16:10 EDT">
          <reporter-output>
          </reporter-output>
        </test-method> <!-- tearDown -->
        <test-method status="PASS" signature="setUp()[pri:0, instance:com.tutorials.qa.testcases.RegisterTest@587d1d39]" name="setUp" is-config="true" duration-ms="3917" started-at="2023-04-24T15:16:10 EDT" finished-at="2023-04-24T15:16:14 EDT">
          <reporter-output>
          </reporter-output>
        </test-method> <!-- setUp -->
        <test-method status="PASS" signature="verifyRegisteringAnAccountByProvidingAllTheFields()[pri:4, instance:com.tutorials.qa.testcases.RegisterTest@587d1d39]" name="verifyRegisteringAnAccountByProvidingAllTheFields" duration-ms="1227" started-at="2023-04-24T15:16:14 EDT" finished-at="2023-04-24T15:16:15 EDT">
          <reporter-output>
          </reporter-output>
        </test-method> <!-- verifyRegisteringAnAccountByProvidingAllTheFields -->
        <test-method status="PASS" signature="tearDown()[pri:0, instance:com.tutorials.qa.testcases.RegisterTest@587d1d39]" name="tearDown" is-config="true" duration-ms="667" started-at="2023-04-24T15:16:15 EDT" finished-at="2023-04-24T15:16:16 EDT">
          <reporter-output>
          </reporter-output>
        </test-method> <!-- tearDown -->
        <test-method status="PASS" signature="setUp()[pri:0, instance:com.tutorials.qa.testcases.RegisterTest@587d1d39]" name="setUp" is-config="true" duration-ms="3955" started-at="2023-04-24T15:16:16 EDT" finished-at="2023-04-24T15:16:20 EDT">
          <reporter-output>
          </reporter-output>
        </test-method> <!-- setUp -->
        <test-method status="FAIL" signature="VerifyRegisteringAnAccountByEnteringDifferentPasswordsIntoPasswordAndPasswordConfirmfields()[pri:5, instance:com.tutorials.qa.testcases.RegisterTest@587d1d39]" name="VerifyRegisteringAnAccountByEnteringDifferentPasswordsIntoPasswordAndPasswordConfirmfields" duration-ms="925" started-at="2023-04-24T15:16:20 EDT" finished-at="2023-04-24T15:16:21 EDT">
          <exception class="java.lang.AssertionError">
            <message>
              <![CDATA[The following asserts failed:
Warning message is not displayed expected [Your Account Has Been Created!] but found [Password confirmation does not match password!]]]>
            </message>
            <full-stacktrace>
              <![CDATA[java.lang.AssertionError: The following asserts failed:
Warning message is not displayed expected [Your Account Has Been Created!] but found [Password confirmation does not match password!]
at org.testng.asserts.SoftAssert.assertAll(SoftAssert.java:47)
at org.testng.asserts.SoftAssert.assertAll(SoftAssert.java:31)
at com.tutorials.qa.testcases.RegisterTest.VerifyRegisteringAnAccountByEnteringDifferentPasswordsIntoPasswordAndPasswordConfirmfields(RegisterTest.java:124)
at sun.reflect.NativeMethodAccessorImpl.invoke0(Native Method)
at sun.reflect.NativeMethodAccessorImpl.invoke(NativeMethodAccessorImpl.java:62)
at sun.reflect.DelegatingMethodAccessorImpl.invoke(DelegatingMethodAccessorImpl.java:43)
at java.lang.reflect.Method.invoke(Method.java:498)
at org.testng.internal.MethodInvocationHelper.invokeMethod(MethodInvocationHelper.java:134)
at org.testng.internal.TestInvoker.invokeMethod(TestInvoker.java:597)
at org.testng.internal.TestInvoker.invokeTestMethod(TestInvoker.java:173)
at org.testng.internal.MethodRunner.runInSequence(MethodRunner.java:46)
at org.testng.internal.TestInvoker$MethodInvocationAgent.invoke(TestInvoker.java:816)
at org.testng.internal.TestInvoker.invokeTestMethods(TestInvoker.java:146)
at org.testng.internal.TestMethodWorker.invokeTestMethods(TestMethodWorker.java:146)
at org.testng.internal.TestMethodWorker.run(TestMethodWorker.java:128)
at java.util.ArrayList.forEach(ArrayList.java:1259)
at org.testng.TestRunner.privateRun(TestRunner.java:766)
at org.testng.TestRunner.run(TestRunner.java:587)
at org.testng.SuiteRunner.runTest(SuiteRunner.java:384)
at org.testng.SuiteRunner.runSequentially(SuiteRunner.java:378)
at org.testng.SuiteRunner.privateRun(SuiteRunner.java:337)
at org.testng.SuiteRunner.run(SuiteRunner.java:286)
at org.testng.SuiteRunnerWorker.runSuite(SuiteRunnerWorker.java:53)
at org.testng.SuiteRunnerWorker.run(SuiteRunnerWorker.java:96)
at org.testng.TestNG.runSuitesSequentially(TestNG.java:1187)
at org.testng.TestNG.runSuitesLocally(TestNG.java:1109)
at org.testng.TestNG.runSuites(TestNG.java:1039)
at org.testng.TestNG.run(TestNG.java:1007)
at org.apache.maven.surefire.testng.TestNGExecutor.run(TestNGExecutor.java:308)
at org.apache.maven.surefire.testng.TestNGXmlTestSuite.execute(TestNGXmlTestSuite.java:71)
at org.apache.maven.surefire.testng.TestNGProvider.invoke(TestNGProvider.java:113)
at org.apache.maven.surefire.booter.ForkedBooter.runSuitesInProcess(ForkedBooter.java:385)
at org.apache.maven.surefire.booter.ForkedBooter.execute(ForkedBooter.java:162)
at org.apache.maven.surefire.booter.ForkedBooter.run(ForkedBooter.java:507)
at org.apache.maven.surefire.booter.ForkedBooter.main(ForkedBooter.java:495)
]]>
            </full-stacktrace>
          </exception> <!-- java.lang.AssertionError -->
          <reporter-output>
          </reporter-output>
        </test-method> <!-- VerifyRegisteringAnAccountByEnteringDifferentPasswordsIntoPasswordAndPasswordConfirmfields -->
        <test-method status="PASS" signature="tearDown()[pri:0, instance:com.tutorials.qa.testcases.RegisterTest@587d1d39]" name="tearDown" is-config="true" duration-ms="765" started-at="2023-04-24T15:16:21 EDT" finished-at="2023-04-24T15:16:22 EDT">
          <reporter-output>
          </reporter-output>
        </test-method> <!-- tearDown -->
        <test-method status="PASS" signature="setUp()[pri:0, instance:com.tutorials.qa.testcases.RegisterTest@587d1d39]" name="setUp" is-config="true" duration-ms="4016" started-at="2023-04-24T15:16:22 EDT" finished-at="2023-04-24T15:16:26 EDT">
          <reporter-output>
          </reporter-output>
        </test-method> <!-- setUp -->
        <test-method status="FAIL" signature="verifyProperNotificationMessagesAreDisplayedForTheMandatoryFieldsWhenYouDoNotProvideAnyDetiles()[pri:6, instance:com.tutorials.qa.testcases.RegisterTest@587d1d39]" name="verifyProperNotificationMessagesAreDisplayedForTheMandatoryFieldsWhenYouDoNotProvideAnyDetiles" duration-ms="379" started-at="2023-04-24T15:16:26 EDT" finished-at="2023-04-24T15:16:26 EDT">
          <exception class="java.lang.AssertionError">
            <message>
              <![CDATA[The following asserts failed:
Warning message is not displayed expected [Your Account Has Been Created!] but found [Password confirmation does not match password!]]]>
            </message>
            <full-stacktrace>
              <![CDATA[java.lang.AssertionError: The following asserts failed:
Warning message is not displayed expected [Your Account Has Been Created!] but found [Password confirmation does not match password!]
at org.testng.asserts.SoftAssert.assertAll(SoftAssert.java:47)
at org.testng.asserts.SoftAssert.assertAll(SoftAssert.java:31)
at com.tutorials.qa.testcases.RegisterTest.verifyProperNotificationMessagesAreDisplayedForTheMandatoryFieldsWhenYouDoNotProvideAnyDetiles(RegisterTest.java:137)
at sun.reflect.NativeMethodAccessorImpl.invoke0(Native Method)
at sun.reflect.NativeMethodAccessorImpl.invoke(NativeMethodAccessorImpl.java:62)
at sun.reflect.DelegatingMethodAccessorImpl.invoke(DelegatingMethodAccessorImpl.java:43)
at java.lang.reflect.Method.invoke(Method.java:498)
at org.testng.internal.MethodInvocationHelper.invokeMethod(MethodInvocationHelper.java:134)
at org.testng.internal.TestInvoker.invokeMethod(TestInvoker.java:597)
at org.testng.internal.TestInvoker.invokeTestMethod(TestInvoker.java:173)
at org.testng.internal.MethodRunner.runInSequence(MethodRunner.java:46)
at org.testng.internal.TestInvoker$MethodInvocationAgent.invoke(TestInvoker.java:816)
at org.testng.internal.TestInvoker.invokeTestMethods(TestInvoker.java:146)
at org.testng.internal.TestMethodWorker.invokeTestMethods(TestMethodWorker.java:146)
at org.testng.internal.TestMethodWorker.run(TestMethodWorker.java:128)
at java.util.ArrayList.forEach(ArrayList.java:1259)
at org.testng.TestRunner.privateRun(TestRunner.java:766)
at org.testng.TestRunner.run(TestRunner.java:587)
at org.testng.SuiteRunner.runTest(SuiteRunner.java:384)
at org.testng.SuiteRunner.runSequentially(SuiteRunner.java:378)
at org.testng.SuiteRunner.privateRun(SuiteRunner.java:337)
at org.testng.SuiteRunner.run(SuiteRunner.java:286)
at org.testng.SuiteRunnerWorker.runSuite(SuiteRunnerWorker.java:53)
at org.testng.SuiteRunnerWorker.run(SuiteRunnerWorker.java:96)
at org.testng.TestNG.runSuitesSequentially(TestNG.java:1187)
at org.testng.TestNG.runSuitesLocally(TestNG.java:1109)
at org.testng.TestNG.runSuites(TestNG.java:1039)
at org.testng.TestNG.run(TestNG.java:1007)
at org.apache.maven.surefire.testng.TestNGExecutor.run(TestNGExecutor.java:308)
at org.apache.maven.surefire.testng.TestNGXmlTestSuite.execute(TestNGXmlTestSuite.java:71)
at org.apache.maven.surefire.testng.TestNGProvider.invoke(TestNGProvider.java:113)
at org.apache.maven.surefire.booter.ForkedBooter.runSuitesInProcess(ForkedBooter.java:385)
at org.apache.maven.surefire.booter.ForkedBooter.execute(ForkedBooter.java:162)
at org.apache.maven.surefire.booter.ForkedBooter.run(ForkedBooter.java:507)
at org.apache.maven.surefire.booter.ForkedBooter.main(ForkedBooter.java:495)
]]>
            </full-stacktrace>
          </exception> <!-- java.lang.AssertionError -->
          <reporter-output>
          </reporter-output>
        </test-method> <!-- verifyProperNotificationMessagesAreDisplayedForTheMandatoryFieldsWhenYouDoNotProvideAnyDetiles -->
        <test-method status="PASS" signature="tearDown()[pri:0, instance:com.tutorials.qa.testcases.RegisterTest@587d1d39]" name="tearDown" is-config="true" duration-ms="675" started-at="2023-04-24T15:16:26 EDT" finished-at="2023-04-24T15:16:27 EDT">
          <reporter-output>
          </reporter-output>
        </test-method> <!-- tearDown -->
      </class> <!-- com.tutorials.qa.testcases.RegisterTest -->
      <class name="com.tutorials.qa.testcases.SearchProductTest">
        <test-method status="PASS" signature="setUp()[pri:0, instance:com.tutorials.qa.testcases.SearchProductTest@58c1670b]" name="setUp" is-config="true" duration-ms="3321" started-at="2023-04-24T15:16:27 EDT" finished-at="2023-04-24T15:16:30 EDT">
          <reporter-output>
          </reporter-output>
        </test-method> <!-- setUp -->
        <test-method status="PASS" signature="VerifySearchingWithAnExistingProductName()[pri:1, instance:com.tutorials.qa.testcases.SearchProductTest@58c1670b]" name="VerifySearchingWithAnExistingProductName" duration-ms="662" started-at="2023-04-24T15:16:30 EDT" finished-at="2023-04-24T15:16:31 EDT">
          <reporter-output>
          </reporter-output>
        </test-method> <!-- VerifySearchingWithAnExistingProductName -->
        <test-method status="PASS" signature="TearDown()[pri:0, instance:com.tutorials.qa.testcases.SearchProductTest@58c1670b]" name="TearDown" is-config="true" duration-ms="749" started-at="2023-04-24T15:16:31 EDT" finished-at="2023-04-24T15:16:32 EDT">
          <reporter-output>
          </reporter-output>
        </test-method> <!-- TearDown -->
        <test-method status="PASS" signature="setUp()[pri:0, instance:com.tutorials.qa.testcases.SearchProductTest@58c1670b]" name="setUp" is-config="true" duration-ms="3278" started-at="2023-04-24T15:16:32 EDT" finished-at="2023-04-24T15:16:35 EDT">
          <reporter-output>
          </reporter-output>
        </test-method> <!-- setUp -->
        <test-method status="PASS" signature="VerifySearchingWithANonExistingProductName()[pri:2, instance:com.tutorials.qa.testcases.SearchProductTest@58c1670b]" name="VerifySearchingWithANonExistingProductName" duration-ms="468" started-at="2023-04-24T15:16:35 EDT" finished-at="2023-04-24T15:16:35 EDT">
          <reporter-output>
          </reporter-output>
        </test-method> <!-- VerifySearchingWithANonExistingProductName -->
        <test-method status="PASS" signature="TearDown()[pri:0, instance:com.tutorials.qa.testcases.SearchProductTest@58c1670b]" name="TearDown" is-config="true" duration-ms="672" started-at="2023-04-24T15:16:35 EDT" finished-at="2023-04-24T15:16:36 EDT">
          <reporter-output>
          </reporter-output>
        </test-method> <!-- TearDown -->
        <test-method status="PASS" signature="setUp()[pri:0, instance:com.tutorials.qa.testcases.SearchProductTest@58c1670b]" name="setUp" is-config="true" duration-ms="3318" started-at="2023-04-24T15:16:36 EDT" finished-at="2023-04-24T15:16:39 EDT">
          <reporter-output>
          </reporter-output>
        </test-method> <!-- setUp -->
        <test-method status="PASS" signature="verifySearchingWithoutProvidingAnyProductName()[pri:3, instance:com.tutorials.qa.testcases.SearchProductTest@58c1670b]" name="verifySearchingWithoutProvidingAnyProductName" duration-ms="376" started-at="2023-04-24T15:16:39 EDT" finished-at="2023-04-24T15:16:40 EDT">
          <reporter-output>
          </reporter-output>
        </test-method> <!-- verifySearchingWithoutProvidingAnyProductName -->
        <test-method status="PASS" signature="TearDown()[pri:0, instance:com.tutorials.qa.testcases.SearchProductTest@58c1670b]" name="TearDown" is-config="true" duration-ms="703" started-at="2023-04-24T15:16:40 EDT" finished-at="2023-04-24T15:16:40 EDT">
          <reporter-output>
          </reporter-output>
        </test-method> <!-- TearDown -->
        <test-method status="PASS" signature="setUp()[pri:0, instance:com.tutorials.qa.testcases.SearchProductTest@58c1670b]" name="setUp" is-config="true" duration-ms="3308" started-at="2023-04-24T15:16:40 EDT" finished-at="2023-04-24T15:16:44 EDT">
          <reporter-output>
          </reporter-output>
        </test-method> <!-- setUp -->
        <test-method status="PASS" signature="veriftySearchingForProductAfterLoginToTheAccount()[pri:4, instance:com.tutorials.qa.testcases.SearchProductTest@58c1670b]" name="veriftySearchingForProductAfterLoginToTheAccount" duration-ms="1851" started-at="2023-04-24T15:16:44 EDT" finished-at="2023-04-24T15:16:46 EDT">
          <reporter-output>
          </reporter-output>
        </test-method> <!-- veriftySearchingForProductAfterLoginToTheAccount -->
        <test-method status="PASS" signature="TearDown()[pri:0, instance:com.tutorials.qa.testcases.SearchProductTest@58c1670b]" name="TearDown" is-config="true" duration-ms="747" started-at="2023-04-24T15:16:46 EDT" finished-at="2023-04-24T15:16:46 EDT">
          <reporter-output>
          </reporter-output>
        </test-method> <!-- TearDown -->
        <test-method status="PASS" signature="setUp()[pri:0, instance:com.tutorials.qa.testcases.SearchProductTest@58c1670b]" name="setUp" is-config="true" duration-ms="3242" started-at="2023-04-24T15:16:46 EDT" finished-at="2023-04-24T15:16:50 EDT">
          <reporter-output>
          </reporter-output>
        </test-method> <!-- setUp -->
        <test-method status="FAIL" signature="verifySearchingUsingSearchCriteriafield()[pri:5, instance:com.tutorials.qa.testcases.SearchProductTest@58c1670b]" name="verifySearchingUsingSearchCriteriafield" duration-ms="1035" started-at="2023-04-24T15:16:50 EDT" finished-at="2023-04-24T15:16:51 EDT">
          <exception class="java.lang.AssertionError">
            <message>
              <![CDATA[The following asserts failed:
no product message in the search result is displayed expected [null] but found [Products meeting the search criteria]]]>
            </message>
            <full-stacktrace>
              <![CDATA[java.lang.AssertionError: The following asserts failed:
no product message in the search result is displayed expected [null] but found [Products meeting the search criteria]
at org.testng.asserts.SoftAssert.assertAll(SoftAssert.java:47)
at org.testng.asserts.SoftAssert.assertAll(SoftAssert.java:31)
at com.tutorials.qa.testcases.SearchProductTest.verifySearchingUsingSearchCriteriafield(SearchProductTest.java:86)
at sun.reflect.NativeMethodAccessorImpl.invoke0(Native Method)
at sun.reflect.NativeMethodAccessorImpl.invoke(NativeMethodAccessorImpl.java:62)
at sun.reflect.DelegatingMethodAccessorImpl.invoke(DelegatingMethodAccessorImpl.java:43)
at java.lang.reflect.Method.invoke(Method.java:498)
at org.testng.internal.MethodInvocationHelper.invokeMethod(MethodInvocationHelper.java:134)
at org.testng.internal.TestInvoker.invokeMethod(TestInvoker.java:597)
at org.testng.internal.TestInvoker.invokeTestMethod(TestInvoker.java:173)
at org.testng.internal.MethodRunner.runInSequence(MethodRunner.java:46)
at org.testng.internal.TestInvoker$MethodInvocationAgent.invoke(TestInvoker.java:816)
at org.testng.internal.TestInvoker.invokeTestMethods(TestInvoker.java:146)
at org.testng.internal.TestMethodWorker.invokeTestMethods(TestMethodWorker.java:146)
at org.testng.internal.TestMethodWorker.run(TestMethodWorker.java:128)
at java.util.ArrayList.forEach(ArrayList.java:1259)
at org.testng.TestRunner.privateRun(TestRunner.java:766)
at org.testng.TestRunner.run(TestRunner.java:587)
at org.testng.SuiteRunner.runTest(SuiteRunner.java:384)
at org.testng.SuiteRunner.runSequentially(SuiteRunner.java:378)
at org.testng.SuiteRunner.privateRun(SuiteRunner.java:337)
at org.testng.SuiteRunner.run(SuiteRunner.java:286)
at org.testng.SuiteRunnerWorker.runSuite(SuiteRunnerWorker.java:53)
at org.testng.SuiteRunnerWorker.run(SuiteRunnerWorker.java:96)
at org.testng.TestNG.runSuitesSequentially(TestNG.java:1187)
at org.testng.TestNG.runSuitesLocally(TestNG.java:1109)
at org.testng.TestNG.runSuites(TestNG.java:1039)
at org.testng.TestNG.run(TestNG.java:1007)
at org.apache.maven.surefire.testng.TestNGExecutor.run(TestNGExecutor.java:308)
at org.apache.maven.surefire.testng.TestNGXmlTestSuite.execute(TestNGXmlTestSuite.java:71)
at org.apache.maven.surefire.testng.TestNGProvider.invoke(TestNGProvider.java:113)
at org.apache.maven.surefire.booter.ForkedBooter.runSuitesInProcess(ForkedBooter.java:385)
at org.apache.maven.surefire.booter.ForkedBooter.execute(ForkedBooter.java:162)
at org.apache.maven.surefire.booter.ForkedBooter.run(ForkedBooter.java:507)
at org.apache.maven.surefire.booter.ForkedBooter.main(ForkedBooter.java:495)
]]>
            </full-stacktrace>
          </exception> <!-- java.lang.AssertionError -->
          <reporter-output>
          </reporter-output>
        </test-method> <!-- verifySearchingUsingSearchCriteriafield -->
        <test-method status="PASS" signature="TearDown()[pri:0, instance:com.tutorials.qa.testcases.SearchProductTest@58c1670b]" name="TearDown" is-config="true" duration-ms="741" started-at="2023-04-24T15:16:51 EDT" finished-at="2023-04-24T15:16:51 EDT">
          <reporter-output>
          </reporter-output>
        </test-method> <!-- TearDown -->
      </class> <!-- com.tutorials.qa.testcases.SearchProductTest -->
      <class name="com.tutorials.qa.testcases.LoginTest">
        <test-method status="PASS" signature="setUp()[pri:0, instance:com.tutorials.qa.testcases.LoginTest@2c039ac6]" name="setUp" is-config="true" duration-ms="5082" started-at="2023-04-24T15:15:09 EDT" finished-at="2023-04-24T15:15:15 EDT">
          <reporter-output>
          </reporter-output>
        </test-method> <!-- setUp -->
        <test-method status="PASS" signature="verifyLoggingIntoTheApplicationUsingValidCredentials(java.lang.String, java.lang.String)[pri:1, instance:com.tutorials.qa.testcases.LoginTest@2c039ac6]" name="verifyLoggingIntoTheApplicationUsingValidCredentials" duration-ms="859" started-at="2023-04-24T15:15:15 EDT" data-provider="validCredentialsSupplyTestData" finished-at="2023-04-24T15:15:15 EDT">
          <params>
            <param index="0">
              <value>
                <![CDATA[khettar123@gmail.com]]>
              </value>
            </param>
            <param index="1">
              <value>
                <![CDATA[serene0709]]>
              </value>
            </param>
          </params>
          <reporter-output>
          </reporter-output>
        </test-method> <!-- verifyLoggingIntoTheApplicationUsingValidCredentials -->
        <test-method status="PASS" signature="tearDown()[pri:0, instance:com.tutorials.qa.testcases.LoginTest@2c039ac6]" name="tearDown" is-config="true" duration-ms="814" started-at="2023-04-24T15:15:15 EDT" finished-at="2023-04-24T15:15:16 EDT">
          <reporter-output>
          </reporter-output>
        </test-method> <!-- tearDown -->
        <test-method status="PASS" signature="setUp()[pri:0, instance:com.tutorials.qa.testcases.LoginTest@2c039ac6]" name="setUp" is-config="true" duration-ms="3826" started-at="2023-04-24T15:15:16 EDT" finished-at="2023-04-24T15:15:20 EDT">
          <reporter-output>
          </reporter-output>
        </test-method> <!-- setUp -->
        <test-method status="PASS" signature="verifyLoggingIntoTheApplicationUsingValidCredentials(java.lang.String, java.lang.String)[pri:1, instance:com.tutorials.qa.testcases.LoginTest@2c039ac6]" name="verifyLoggingIntoTheApplicationUsingValidCredentials" duration-ms="791" started-at="2023-04-24T15:15:20 EDT" data-provider="validCredentialsSupplyTestData" finished-at="2023-04-24T15:15:21 EDT">
          <params>
            <param index="0">
              <value>
                <![CDATA[nadr912@gmail.com]]>
              </value>
            </param>
            <param index="1">
              <value>
                <![CDATA[Serene2021#]]>
              </value>
            </param>
          </params>
          <reporter-output>
          </reporter-output>
        </test-method> <!-- verifyLoggingIntoTheApplicationUsingValidCredentials -->
        <test-method status="PASS" signature="tearDown()[pri:0, instance:com.tutorials.qa.testcases.LoginTest@2c039ac6]" name="tearDown" is-config="true" duration-ms="739" started-at="2023-04-24T15:15:21 EDT" finished-at="2023-04-24T15:15:22 EDT">
          <reporter-output>
          </reporter-output>
        </test-method> <!-- tearDown -->
        <test-method status="PASS" signature="setUp()[pri:0, instance:com.tutorials.qa.testcases.LoginTest@2c039ac6]" name="setUp" is-config="true" duration-ms="3812" started-at="2023-04-24T15:15:22 EDT" finished-at="2023-04-24T15:15:25 EDT">
          <reporter-output>
          </reporter-output>
        </test-method> <!-- setUp -->
        <test-method status="PASS" signature="verifyLoggingIntoTheApplicationUsingValidCredentials(java.lang.String, java.lang.String)[pri:1, instance:com.tutorials.qa.testcases.LoginTest@2c039ac6]" name="verifyLoggingIntoTheApplicationUsingValidCredentials" duration-ms="790" started-at="2023-04-24T15:15:25 EDT" data-provider="validCredentialsSupplyTestData" finished-at="2023-04-24T15:15:26 EDT">
          <params>
            <param index="0">
              <value>
                <![CDATA[nadr91299@gmail.com]]>
              </value>
            </param>
            <param index="1">
              <value>
                <![CDATA[Serene0709]]>
              </value>
            </param>
          </params>
          <reporter-output>
          </reporter-output>
        </test-method> <!-- verifyLoggingIntoTheApplicationUsingValidCredentials -->
        <test-method status="PASS" signature="tearDown()[pri:0, instance:com.tutorials.qa.testcases.LoginTest@2c039ac6]" name="tearDown" is-config="true" duration-ms="752" started-at="2023-04-24T15:15:26 EDT" finished-at="2023-04-24T15:15:27 EDT">
          <reporter-output>
          </reporter-output>
        </test-method> <!-- tearDown -->
        <test-method status="PASS" signature="setUp()[pri:0, instance:com.tutorials.qa.testcases.LoginTest@2c039ac6]" name="setUp" is-config="true" duration-ms="3948" started-at="2023-04-24T15:15:27 EDT" finished-at="2023-04-24T15:15:31 EDT">
          <reporter-output>
          </reporter-output>
        </test-method> <!-- setUp -->
        <test-method status="PASS" signature="verifyLoggingIntoTheApplicationUsingInvalidCredentials()[pri:2, instance:com.tutorials.qa.testcases.LoginTest@2c039ac6]" name="verifyLoggingIntoTheApplicationUsingInvalidCredentials" duration-ms="629" started-at="2023-04-24T15:15:31 EDT" finished-at="2023-04-24T15:15:32 EDT">
          <reporter-output>
          </reporter-output>
        </test-method> <!-- verifyLoggingIntoTheApplicationUsingInvalidCredentials -->
        <test-method status="PASS" signature="tearDown()[pri:0, instance:com.tutorials.qa.testcases.LoginTest@2c039ac6]" name="tearDown" is-config="true" duration-ms="734" started-at="2023-04-24T15:15:32 EDT" finished-at="2023-04-24T15:15:32 EDT">
          <reporter-output>
          </reporter-output>
        </test-method> <!-- tearDown -->
        <test-method status="PASS" signature="setUp()[pri:0, instance:com.tutorials.qa.testcases.LoginTest@2c039ac6]" name="setUp" is-config="true" duration-ms="3957" started-at="2023-04-24T15:15:32 EDT" finished-at="2023-04-24T15:15:36 EDT">
          <reporter-output>
          </reporter-output>
        </test-method> <!-- setUp -->
        <test-method status="PASS" signature="verifyLoggingIntoTheApplicationUsingInvalidEmailAddressAndValidPassword()[pri:3, instance:com.tutorials.qa.testcases.LoginTest@2c039ac6]" name="verifyLoggingIntoTheApplicationUsingInvalidEmailAddressAndValidPassword" duration-ms="623" started-at="2023-04-24T15:15:36 EDT" finished-at="2023-04-24T15:15:37 EDT">
          <reporter-output>
          </reporter-output>
        </test-method> <!-- verifyLoggingIntoTheApplicationUsingInvalidEmailAddressAndValidPassword -->
        <test-method status="PASS" signature="tearDown()[pri:0, instance:com.tutorials.qa.testcases.LoginTest@2c039ac6]" name="tearDown" is-config="true" duration-ms="723" started-at="2023-04-24T15:15:37 EDT" finished-at="2023-04-24T15:15:38 EDT">
          <reporter-output>
          </reporter-output>
        </test-method> <!-- tearDown -->
        <test-method status="PASS" signature="setUp()[pri:0, instance:com.tutorials.qa.testcases.LoginTest@2c039ac6]" name="setUp" is-config="true" duration-ms="4253" started-at="2023-04-24T15:15:38 EDT" finished-at="2023-04-24T15:15:42 EDT">
          <reporter-output>
          </reporter-output>
        </test-method> <!-- setUp -->
        <test-method status="PASS" signature="verifyLoggingIntoTheApplicationUsingValidEmailAddressAndInvalidPassword()[pri:4, instance:com.tutorials.qa.testcases.LoginTest@2c039ac6]" name="verifyLoggingIntoTheApplicationUsingValidEmailAddressAndInvalidPassword" duration-ms="541" started-at="2023-04-24T15:15:42 EDT" finished-at="2023-04-24T15:15:42 EDT">
          <reporter-output>
          </reporter-output>
        </test-method> <!-- verifyLoggingIntoTheApplicationUsingValidEmailAddressAndInvalidPassword -->
        <test-method status="PASS" signature="tearDown()[pri:0, instance:com.tutorials.qa.testcases.LoginTest@2c039ac6]" name="tearDown" is-config="true" duration-ms="734" started-at="2023-04-24T15:15:42 EDT" finished-at="2023-04-24T15:15:43 EDT">
          <reporter-output>
          </reporter-output>
        </test-method> <!-- tearDown -->
        <test-method status="PASS" signature="setUp()[pri:0, instance:com.tutorials.qa.testcases.LoginTest@2c039ac6]" name="setUp" is-config="true" duration-ms="3867" started-at="2023-04-24T15:15:43 EDT" finished-at="2023-04-24T15:15:47 EDT">
          <reporter-output>
          </reporter-output>
        </test-method> <!-- setUp -->
        <test-method status="PASS" signature="VerifyLoggingIntoTheApplicationWithoutProvidingAnyCredentials()[pri:5, instance:com.tutorials.qa.testcases.LoginTest@2c039ac6]" name="VerifyLoggingIntoTheApplicationWithoutProvidingAnyCredentials" duration-ms="372" started-at="2023-04-24T15:15:47 EDT" finished-at="2023-04-24T15:15:47 EDT">
          <reporter-output>
          </reporter-output>
        </test-method> <!-- VerifyLoggingIntoTheApplicationWithoutProvidingAnyCredentials -->
        <test-method status="PASS" signature="tearDown()[pri:0, instance:com.tutorials.qa.testcases.LoginTest@2c039ac6]" name="tearDown" is-config="true" duration-ms="807" started-at="2023-04-24T15:15:47 EDT" finished-at="2023-04-24T15:15:48 EDT">
          <reporter-output>
          </reporter-output>
        </test-method> <!-- tearDown -->
        <test-method status="PASS" signature="setUp()[pri:0, instance:com.tutorials.qa.testcases.LoginTest@2c039ac6]" name="setUp" is-config="true" duration-ms="3694" started-at="2023-04-24T15:15:48 EDT" finished-at="2023-04-24T15:15:52 EDT">
          <reporter-output>
          </reporter-output>
        </test-method> <!-- setUp -->
        <test-method status="PASS" signature="VerifyForgottenPasswordlinkIsAvailableInTheLoginPageAndIsWorking()[pri:6, instance:com.tutorials.qa.testcases.LoginTest@2c039ac6]" name="VerifyForgottenPasswordlinkIsAvailableInTheLoginPageAndIsWorking" duration-ms="397" started-at="2023-04-24T15:15:52 EDT" finished-at="2023-04-24T15:15:52 EDT">
          <reporter-output>
          </reporter-output>
        </test-method> <!-- VerifyForgottenPasswordlinkIsAvailableInTheLoginPageAndIsWorking -->
        <test-method status="PASS" signature="tearDown()[pri:0, instance:com.tutorials.qa.testcases.LoginTest@2c039ac6]" name="tearDown" is-config="true" duration-ms="730" started-at="2023-04-24T15:15:52 EDT" finished-at="2023-04-24T15:15:53 EDT">
          <reporter-output>
          </reporter-output>
        </test-method> <!-- tearDown -->
      </class> <!-- com.tutorials.qa.testcases.LoginTest -->
    </test> <!-- Test -->
  </suite> <!-- Suite -->
</testng-results>
