<?xml version="1.0" encoding="UTF-8"?>
<!-- Generated by org.testng.reporters.JUnitReportReporter -->
<testsuite skipped="0" hostname="kNadia-device" name="com.tutorials.qa.testcases.SearchProductTest" tests="5" failures="1" timestamp="2023-04-24T15:16:51 EDT" time="24.471" errors="0">
  <testcase name="VerifySearchingWithAnExistingProductName" time="4.681" classname="com.tutorials.qa.testcases.SearchProductTest"/>
  <system-out/>
  <testcase name="VerifySearchingWithANonExistingProductName" time="4.533" classname="com.tutorials.qa.testcases.SearchProductTest"/>
  <system-out/>
  <testcase name="verifySearchingWithoutProvidingAnyProductName" time="4.290" classname="com.tutorials.qa.testcases.SearchProductTest"/>
  <system-out/>
  <testcase name="veriftySearchingForProductAfterLoginToTheAccount" time="5.908" classname="com.tutorials.qa.testcases.SearchProductTest"/>
  <system-out/>
  <testcase name="verifySearchingUsingSearchCriteriafield" time="5.059" classname="com.tutorials.qa.testcases.SearchProductTest">
    <failure type="java.lang.AssertionError" message="The following asserts failed:
	no product message in the search result is displayed expected [null] but found [Products meeting the search criteria]">
      <![CDATA[java.lang.AssertionError: The following asserts failed:
no product message in the search result is displayed expected [null] but found [Products meeting the search criteria]
at org.testng.asserts.SoftAssert.assertAll(SoftAssert.java:47)
at org.testng.asserts.SoftAssert.assertAll(SoftAssert.java:31)
at com.tutorials.qa.testcases.SearchProductTest.verifySearchingUsingSearchCriteriafield(SearchProductTest.java:86)
at sun.reflect.NativeMethodAccessorImpl.invoke0(Native Method)
at sun.reflect.NativeMethodAccessorImpl.invoke(NativeMethodAccessorImpl.java:62)
at sun.reflect.DelegatingMethodAccessorImpl.invoke(DelegatingMethodAccessorImpl.java:43)
at java.lang.reflect.Method.invoke(Method.java:498)
at org.testng.internal.MethodInvocationHelper.invokeMethod(MethodInvocationHelper.java:134)
at org.testng.internal.TestInvoker.invokeMethod(TestInvoker.java:597)
at org.testng.internal.TestInvoker.invokeTestMethod(TestInvoker.java:173)
at org.testng.internal.MethodRunner.runInSequence(MethodRunner.java:46)
at org.testng.internal.TestInvoker$MethodInvocationAgent.invoke(TestInvoker.java:816)
at org.testng.internal.TestInvoker.invokeTestMethods(TestInvoker.java:146)
at org.testng.internal.TestMethodWorker.invokeTestMethods(TestMethodWorker.java:146)
at org.testng.internal.TestMethodWorker.run(TestMethodWorker.java:128)
at java.util.ArrayList.forEach(ArrayList.java:1259)
at org.testng.TestRunner.privateRun(TestRunner.java:766)
at org.testng.TestRunner.run(TestRunner.java:587)
at org.testng.SuiteRunner.runTest(SuiteRunner.java:384)
at org.testng.SuiteRunner.runSequentially(SuiteRunner.java:378)
at org.testng.SuiteRunner.privateRun(SuiteRunner.java:337)
at org.testng.SuiteRunner.run(SuiteRunner.java:286)
at org.testng.SuiteRunnerWorker.runSuite(SuiteRunnerWorker.java:53)
at org.testng.SuiteRunnerWorker.run(SuiteRunnerWorker.java:96)
at org.testng.TestNG.runSuitesSequentially(TestNG.java:1187)
at org.testng.TestNG.runSuitesLocally(TestNG.java:1109)
at org.testng.TestNG.runSuites(TestNG.java:1039)
at org.testng.TestNG.run(TestNG.java:1007)
at org.apache.maven.surefire.testng.TestNGExecutor.run(TestNGExecutor.java:308)
at org.apache.maven.surefire.testng.TestNGXmlTestSuite.execute(TestNGXmlTestSuite.java:71)
at org.apache.maven.surefire.testng.TestNGProvider.invoke(TestNGProvider.java:113)
at org.apache.maven.surefire.booter.ForkedBooter.runSuitesInProcess(ForkedBooter.java:385)
at org.apache.maven.surefire.booter.ForkedBooter.execute(ForkedBooter.java:162)
at org.apache.maven.surefire.booter.ForkedBooter.run(ForkedBooter.java:507)
at org.apache.maven.surefire.booter.ForkedBooter.main(ForkedBooter.java:495)
]]>
    </failure>
  </testcase> <!-- verifySearchingUsingSearchCriteriafield -->
  <system-out/>
</testsuite> <!-- com.tutorials.qa.testcases.SearchProductTest -->
